DEBUG - 2025-05-02 10:27:44 --> Session: Class initialized using 'CodeIgniter\Session\Handlers\FileHandler' driver.
DEBUG - 2025-05-02 10:27:47 --> Session: Class initialized using 'CodeIgniter\Session\Handlers\FileHandler' driver.
DEBUG - 2025-05-02 10:27:53 --> Session: Class initialized using 'CodeIgniter\Session\Handlers\FileHandler' driver.
DEBUG - 2025-05-02 10:27:53 --> Session: Class initialized using 'CodeIgniter\Session\Handlers\FileHandler' driver.
DEBUG - 2025-05-02 10:28:30 --> Session: Class initialized using 'CodeIgniter\Session\Handlers\FileHandler' driver.
DEBUG - 2025-05-02 10:28:52 --> Session: Class initialized using 'CodeIgniter\Session\Handlers\FileHandler' driver.
DEBUG - 2025-05-02 10:28:52 --> Session: Class initialized using 'CodeIgniter\Session\Handlers\FileHandler' driver.
DEBUG - 2025-05-02 12:14:43 --> Session: Class initialized using 'CodeIgniter\Session\Handlers\FileHandler' driver.
DEBUG - 2025-05-02 12:14:54 --> Session: Class initialized using 'CodeIgniter\Session\Handlers\FileHandler' driver.
DEBUG - 2025-05-02 12:14:59 --> Session: Class initialized using 'CodeIgniter\Session\Handlers\FileHandler' driver.
DEBUG - 2025-05-02 12:15:00 --> Session: Class initialized using 'CodeIgniter\Session\Handlers\FileHandler' driver.
DEBUG - 2025-05-02 12:15:06 --> Session: Class initialized using 'CodeIgniter\Session\Handlers\FileHandler' driver.
DEBUG - 2025-05-02 12:15:11 --> Session: Class initialized using 'CodeIgniter\Session\Handlers\FileHandler' driver.
DEBUG - 2025-05-02 12:15:15 --> Session: Class initialized using 'CodeIgniter\Session\Handlers\FileHandler' driver.
DEBUG - 2025-05-02 12:15:25 --> Session: Class initialized using 'CodeIgniter\Session\Handlers\FileHandler' driver.
DEBUG - 2025-05-02 12:15:28 --> Session: Class initialized using 'CodeIgniter\Session\Handlers\FileHandler' driver.
DEBUG - 2025-05-02 12:15:47 --> Session: Class initialized using 'CodeIgniter\Session\Handlers\FileHandler' driver.
DEBUG - 2025-05-02 12:19:33 --> Session: Class initialized using 'CodeIgniter\Session\Handlers\FileHandler' driver.
DEBUG - 2025-05-02 12:24:18 --> Session: Class initialized using 'CodeIgniter\Session\Handlers\FileHandler' driver.
DEBUG - 2025-05-02 12:24:58 --> Session: Class initialized using 'CodeIgniter\Session\Handlers\FileHandler' driver.
DEBUG - 2025-05-02 12:26:04 --> Session: Class initialized using 'CodeIgniter\Session\Handlers\FileHandler' driver.
DEBUG - 2025-05-02 12:26:10 --> Session: Class initialized using 'CodeIgniter\Session\Handlers\FileHandler' driver.
DEBUG - 2025-05-02 12:26:10 --> Session: Class initialized using 'CodeIgniter\Session\Handlers\FileHandler' driver.
DEBUG - 2025-05-02 12:26:48 --> Session: Class initialized using 'CodeIgniter\Session\Handlers\FileHandler' driver.
DEBUG - 2025-05-02 12:30:17 --> Session: Class initialized using 'CodeIgniter\Session\Handlers\FileHandler' driver.
DEBUG - 2025-05-02 12:31:24 --> Session: Class initialized using 'CodeIgniter\Session\Handlers\FileHandler' driver.
DEBUG - 2025-05-02 12:31:38 --> Session: Class initialized using 'CodeIgniter\Session\Handlers\FileHandler' driver.
DEBUG - 2025-05-02 12:31:42 --> Session: Class initialized using 'CodeIgniter\Session\Handlers\FileHandler' driver.
DEBUG - 2025-05-02 12:32:47 --> Session: Class initialized using 'CodeIgniter\Session\Handlers\FileHandler' driver.
DEBUG - 2025-05-02 12:34:02 --> Session: Class initialized using 'CodeIgniter\Session\Handlers\FileHandler' driver.
DEBUG - 2025-05-02 12:38:49 --> Session: Class initialized using 'CodeIgniter\Session\Handlers\FileHandler' driver.
DEBUG - 2025-05-02 12:40:08 --> Session: Class initialized using 'CodeIgniter\Session\Handlers\FileHandler' driver.
DEBUG - 2025-05-02 12:40:44 --> Session: Class initialized using 'CodeIgniter\Session\Handlers\FileHandler' driver.
DEBUG - 2025-05-02 12:42:35 --> Session: Class initialized using 'CodeIgniter\Session\Handlers\FileHandler' driver.
DEBUG - 2025-05-02 12:43:35 --> Session: Class initialized using 'CodeIgniter\Session\Handlers\FileHandler' driver.
DEBUG - 2025-05-02 12:43:56 --> Session: Class initialized using 'CodeIgniter\Session\Handlers\FileHandler' driver.
DEBUG - 2025-05-02 12:46:02 --> Session: Class initialized using 'CodeIgniter\Session\Handlers\FileHandler' driver.
DEBUG - 2025-05-02 12:46:16 --> Session: Class initialized using 'CodeIgniter\Session\Handlers\FileHandler' driver.
DEBUG - 2025-05-02 12:48:54 --> Session: Class initialized using 'CodeIgniter\Session\Handlers\FileHandler' driver.
DEBUG - 2025-05-02 12:50:04 --> Session: Class initialized using 'CodeIgniter\Session\Handlers\FileHandler' driver.
DEBUG - 2025-05-02 12:51:11 --> Session: Class initialized using 'CodeIgniter\Session\Handlers\FileHandler' driver.
DEBUG - 2025-05-02 12:52:33 --> Session: Class initialized using 'CodeIgniter\Session\Handlers\FileHandler' driver.
DEBUG - 2025-05-02 12:53:41 --> Session: Class initialized using 'CodeIgniter\Session\Handlers\FileHandler' driver.
DEBUG - 2025-05-02 12:55:18 --> Session: Class initialized using 'CodeIgniter\Session\Handlers\FileHandler' driver.
DEBUG - 2025-05-02 12:55:25 --> Session: Class initialized using 'CodeIgniter\Session\Handlers\FileHandler' driver.
DEBUG - 2025-05-02 12:56:25 --> Session: Class initialized using 'CodeIgniter\Session\Handlers\FileHandler' driver.
DEBUG - 2025-05-02 12:56:28 --> Session: Class initialized using 'CodeIgniter\Session\Handlers\FileHandler' driver.
DEBUG - 2025-05-02 12:57:49 --> Session: Class initialized using 'CodeIgniter\Session\Handlers\FileHandler' driver.
DEBUG - 2025-05-02 12:58:22 --> Session: Class initialized using 'CodeIgniter\Session\Handlers\FileHandler' driver.
DEBUG - 2025-05-02 12:59:09 --> Session: Class initialized using 'CodeIgniter\Session\Handlers\FileHandler' driver.
DEBUG - 2025-05-02 12:59:20 --> Session: Class initialized using 'CodeIgniter\Session\Handlers\FileHandler' driver.
DEBUG - 2025-05-02 12:59:36 --> Session: Class initialized using 'CodeIgniter\Session\Handlers\FileHandler' driver.
DEBUG - 2025-05-02 12:59:55 --> Session: Class initialized using 'CodeIgniter\Session\Handlers\FileHandler' driver.
DEBUG - 2025-05-02 13:00:05 --> Session: Class initialized using 'CodeIgniter\Session\Handlers\FileHandler' driver.
DEBUG - 2025-05-02 13:00:51 --> Session: Class initialized using 'CodeIgniter\Session\Handlers\FileHandler' driver.
DEBUG - 2025-05-02 13:01:10 --> Session: Class initialized using 'CodeIgniter\Session\Handlers\FileHandler' driver.
DEBUG - 2025-05-02 13:02:00 --> Session: Class initialized using 'CodeIgniter\Session\Handlers\FileHandler' driver.
DEBUG - 2025-05-02 13:02:09 --> Session: Class initialized using 'CodeIgniter\Session\Handlers\FileHandler' driver.
DEBUG - 2025-05-02 13:02:30 --> Session: Class initialized using 'CodeIgniter\Session\Handlers\FileHandler' driver.
DEBUG - 2025-05-02 13:02:50 --> Session: Class initialized using 'CodeIgniter\Session\Handlers\FileHandler' driver.
DEBUG - 2025-05-02 13:02:57 --> Session: Class initialized using 'CodeIgniter\Session\Handlers\FileHandler' driver.
DEBUG - 2025-05-02 13:03:21 --> Session: Class initialized using 'CodeIgniter\Session\Handlers\FileHandler' driver.
DEBUG - 2025-05-02 13:03:32 --> Session: Class initialized using 'CodeIgniter\Session\Handlers\FileHandler' driver.
DEBUG - 2025-05-02 13:04:05 --> Session: Class initialized using 'CodeIgniter\Session\Handlers\FileHandler' driver.
DEBUG - 2025-05-02 13:04:45 --> Session: Class initialized using 'CodeIgniter\Session\Handlers\FileHandler' driver.
DEBUG - 2025-05-02 13:05:17 --> Session: Class initialized using 'CodeIgniter\Session\Handlers\FileHandler' driver.
DEBUG - 2025-05-02 13:05:37 --> Session: Class initialized using 'CodeIgniter\Session\Handlers\FileHandler' driver.
DEBUG - 2025-05-02 13:05:51 --> Session: Class initialized using 'CodeIgniter\Session\Handlers\FileHandler' driver.
DEBUG - 2025-05-02 13:06:08 --> Session: Class initialized using 'CodeIgniter\Session\Handlers\FileHandler' driver.
DEBUG - 2025-05-02 13:06:37 --> Session: Class initialized using 'CodeIgniter\Session\Handlers\FileHandler' driver.
DEBUG - 2025-05-02 13:07:22 --> Session: Class initialized using 'CodeIgniter\Session\Handlers\FileHandler' driver.
DEBUG - 2025-05-02 13:07:39 --> Session: Class initialized using 'CodeIgniter\Session\Handlers\FileHandler' driver.
DEBUG - 2025-05-02 13:07:54 --> Session: Class initialized using 'CodeIgniter\Session\Handlers\FileHandler' driver.
DEBUG - 2025-05-02 13:08:13 --> Session: Class initialized using 'CodeIgniter\Session\Handlers\FileHandler' driver.
DEBUG - 2025-05-02 13:08:25 --> Session: Class initialized using 'CodeIgniter\Session\Handlers\FileHandler' driver.
DEBUG - 2025-05-02 13:08:34 --> Session: Class initialized using 'CodeIgniter\Session\Handlers\FileHandler' driver.
DEBUG - 2025-05-02 13:10:18 --> Session: Class initialized using 'CodeIgniter\Session\Handlers\FileHandler' driver.
DEBUG - 2025-05-02 13:10:51 --> Session: Class initialized using 'CodeIgniter\Session\Handlers\FileHandler' driver.
DEBUG - 2025-05-02 13:10:53 --> Session: Class initialized using 'CodeIgniter\Session\Handlers\FileHandler' driver.
DEBUG - 2025-05-02 13:11:15 --> Session: Class initialized using 'CodeIgniter\Session\Handlers\FileHandler' driver.
DEBUG - 2025-05-02 13:11:24 --> Session: Class initialized using 'CodeIgniter\Session\Handlers\FileHandler' driver.
DEBUG - 2025-05-02 13:11:31 --> Session: Class initialized using 'CodeIgniter\Session\Handlers\FileHandler' driver.
DEBUG - 2025-05-02 13:11:50 --> Session: Class initialized using 'CodeIgniter\Session\Handlers\FileHandler' driver.
DEBUG - 2025-05-02 13:12:07 --> Session: Class initialized using 'CodeIgniter\Session\Handlers\FileHandler' driver.
DEBUG - 2025-05-02 13:12:37 --> Session: Class initialized using 'CodeIgniter\Session\Handlers\FileHandler' driver.
DEBUG - 2025-05-02 13:13:04 --> Session: Class initialized using 'CodeIgniter\Session\Handlers\FileHandler' driver.
DEBUG - 2025-05-02 13:13:16 --> Session: Class initialized using 'CodeIgniter\Session\Handlers\FileHandler' driver.
DEBUG - 2025-05-02 13:13:51 --> Session: Class initialized using 'CodeIgniter\Session\Handlers\FileHandler' driver.
DEBUG - 2025-05-02 13:27:09 --> Session: Class initialized using 'CodeIgniter\Session\Handlers\FileHandler' driver.
DEBUG - 2025-05-02 13:28:19 --> Session: Class initialized using 'CodeIgniter\Session\Handlers\FileHandler' driver.
DEBUG - 2025-05-02 13:29:07 --> Session: Class initialized using 'CodeIgniter\Session\Handlers\FileHandler' driver.
DEBUG - 2025-05-02 13:29:13 --> Session: Class initialized using 'CodeIgniter\Session\Handlers\FileHandler' driver.
DEBUG - 2025-05-02 13:29:37 --> Session: Class initialized using 'CodeIgniter\Session\Handlers\FileHandler' driver.
DEBUG - 2025-05-02 13:29:40 --> Session: Class initialized using 'CodeIgniter\Session\Handlers\FileHandler' driver.
DEBUG - 2025-05-02 13:31:08 --> Session: Class initialized using 'CodeIgniter\Session\Handlers\FileHandler' driver.
DEBUG - 2025-05-02 13:31:14 --> Session: Class initialized using 'CodeIgniter\Session\Handlers\FileHandler' driver.
DEBUG - 2025-05-02 13:31:24 --> Session: Class initialized using 'CodeIgniter\Session\Handlers\FileHandler' driver.
DEBUG - 2025-05-02 13:31:25 --> Session: Class initialized using 'CodeIgniter\Session\Handlers\FileHandler' driver.
DEBUG - 2025-05-02 13:31:40 --> Session: Class initialized using 'CodeIgniter\Session\Handlers\FileHandler' driver.
DEBUG - 2025-05-02 13:31:42 --> Session: Class initialized using 'CodeIgniter\Session\Handlers\FileHandler' driver.
DEBUG - 2025-05-02 13:31:49 --> Session: Class initialized using 'CodeIgniter\Session\Handlers\FileHandler' driver.
DEBUG - 2025-05-02 13:31:57 --> Session: Class initialized using 'CodeIgniter\Session\Handlers\FileHandler' driver.
DEBUG - 2025-05-02 13:32:59 --> Session: Class initialized using 'CodeIgniter\Session\Handlers\FileHandler' driver.
DEBUG - 2025-05-02 14:05:03 --> Session: Class initialized using 'CodeIgniter\Session\Handlers\FileHandler' driver.
DEBUG - 2025-05-02 17:29:25 --> Session: Class initialized using 'CodeIgniter\Session\Handlers\FileHandler' driver.
CRITICAL - 2025-05-02 17:29:25 --> ErrorException: Undefined property: CodeIgniter\HTTP\RedirectResponse::$userId
[Method: GET, Route: homepage]
in APPPATH\Models\ApplicationUtilities.php on line 32.
 1 APPPATH\Models\ApplicationUtilities.php(32): CodeIgniter\Debug\Exceptions->errorHandler(2, 'Undefined property: CodeIgniter\\HTTP\\RedirectResponse::$userId', 'C:\\Users\\loren\\Downloads\\UniServerZ\\www\\ci4\\app\\Models\\ApplicationUtilities.php', 32)
 2 APPPATH\Helpers\AuthHelper.php(29): App\Models\ApplicationUtilities::verifyDriver(Object(CodeIgniter\HTTP\RedirectResponse))
 3 APPPATH\Controllers\Homepage.php(13): App\Helpers\AuthHelper::getAuthenticatedDriver(Object(CodeIgniter\HTTP\RedirectResponse), false)
 4 SYSTEMPATH\CodeIgniter.php(933): App\Controllers\Homepage->index()
 5 SYSTEMPATH\CodeIgniter.php(507): CodeIgniter\CodeIgniter->runController(Object(App\Controllers\Homepage))
 6 SYSTEMPATH\CodeIgniter.php(354): CodeIgniter\CodeIgniter->handleRequest(null, Object(Config\Cache), false)
 7 SYSTEMPATH\Boot.php(334): CodeIgniter\CodeIgniter->run()
 8 SYSTEMPATH\Boot.php(67): CodeIgniter\Boot::runCodeIgniter(Object(CodeIgniter\CodeIgniter))
 9 FCPATH\index.php(56): CodeIgniter\Boot::bootWeb(Object(Config\Paths))
DEBUG - 2025-05-02 19:29:03 --> Session: Class initialized using 'CodeIgniter\Session\Handlers\FileHandler' driver.
DEBUG - 2025-05-02 19:29:13 --> Session: Class initialized using 'CodeIgniter\Session\Handlers\FileHandler' driver.
DEBUG - 2025-05-02 19:29:17 --> Session: Class initialized using 'CodeIgniter\Session\Handlers\FileHandler' driver.
DEBUG - 2025-05-02 19:29:18 --> Session: Class initialized using 'CodeIgniter\Session\Handlers\FileHandler' driver.
DEBUG - 2025-05-02 19:29:42 --> Session: Class initialized using 'CodeIgniter\Session\Handlers\FileHandler' driver.
DEBUG - 2025-05-02 19:29:42 --> Session: Class initialized using 'CodeIgniter\Session\Handlers\FileHandler' driver.
DEBUG - 2025-05-02 19:29:43 --> Session: Class initialized using 'CodeIgniter\Session\Handlers\FileHandler' driver.
DEBUG - 2025-05-02 19:29:45 --> Session: Class initialized using 'CodeIgniter\Session\Handlers\FileHandler' driver.
DEBUG - 2025-05-02 19:29:49 --> Session: Class initialized using 'CodeIgniter\Session\Handlers\FileHandler' driver.
DEBUG - 2025-05-02 19:30:02 --> Session: Class initialized using 'CodeIgniter\Session\Handlers\FileHandler' driver.
DEBUG - 2025-05-02 19:30:04 --> Session: Class initialized using 'CodeIgniter\Session\Handlers\FileHandler' driver.
DEBUG - 2025-05-02 19:30:24 --> Session: Class initialized using 'CodeIgniter\Session\Handlers\FileHandler' driver.
DEBUG - 2025-05-02 19:30:24 --> Session: Class initialized using 'CodeIgniter\Session\Handlers\FileHandler' driver.
DEBUG - 2025-05-02 19:30:27 --> Session: Class initialized using 'CodeIgniter\Session\Handlers\FileHandler' driver.
DEBUG - 2025-05-02 19:30:38 --> Session: Class initialized using 'CodeIgniter\Session\Handlers\FileHandler' driver.
DEBUG - 2025-05-02 19:30:44 --> Session: Class initialized using 'CodeIgniter\Session\Handlers\FileHandler' driver.
DEBUG - 2025-05-02 19:31:22 --> Session: Class initialized using 'CodeIgniter\Session\Handlers\FileHandler' driver.
DEBUG - 2025-05-02 19:31:24 --> Session: Class initialized using 'CodeIgniter\Session\Handlers\FileHandler' driver.
DEBUG - 2025-05-02 19:31:25 --> Session: Class initialized using 'CodeIgniter\Session\Handlers\FileHandler' driver.
DEBUG - 2025-05-02 19:31:25 --> Session: Class initialized using 'CodeIgniter\Session\Handlers\FileHandler' driver.
DEBUG - 2025-05-02 19:31:29 --> Session: Class initialized using 'CodeIgniter\Session\Handlers\FileHandler' driver.
DEBUG - 2025-05-02 19:31:38 --> Session: Class initialized using 'CodeIgniter\Session\Handlers\FileHandler' driver.
DEBUG - 2025-05-02 19:31:40 --> Session: Class initialized using 'CodeIgniter\Session\Handlers\FileHandler' driver.
DEBUG - 2025-05-02 19:35:05 --> Session: Class initialized using 'CodeIgniter\Session\Handlers\FileHandler' driver.
DEBUG - 2025-05-02 19:35:36 --> Session: Class initialized using 'CodeIgniter\Session\Handlers\FileHandler' driver.
DEBUG - 2025-05-02 19:36:09 --> Session: Class initialized using 'CodeIgniter\Session\Handlers\FileHandler' driver.
DEBUG - 2025-05-02 19:38:02 --> Session: Class initialized using 'CodeIgniter\Session\Handlers\FileHandler' driver.
DEBUG - 2025-05-02 19:40:10 --> Session: Class initialized using 'CodeIgniter\Session\Handlers\FileHandler' driver.
DEBUG - 2025-05-02 19:40:13 --> Session: Class initialized using 'CodeIgniter\Session\Handlers\FileHandler' driver.
DEBUG - 2025-05-02 19:40:29 --> Session: Class initialized using 'CodeIgniter\Session\Handlers\FileHandler' driver.
DEBUG - 2025-05-02 19:40:32 --> Session: Class initialized using 'CodeIgniter\Session\Handlers\FileHandler' driver.
DEBUG - 2025-05-02 19:41:56 --> Session: Class initialized using 'CodeIgniter\Session\Handlers\FileHandler' driver.
DEBUG - 2025-05-02 19:42:18 --> Session: Class initialized using 'CodeIgniter\Session\Handlers\FileHandler' driver.
DEBUG - 2025-05-02 19:42:22 --> Session: Class initialized using 'CodeIgniter\Session\Handlers\FileHandler' driver.
DEBUG - 2025-05-02 19:42:26 --> Session: Class initialized using 'CodeIgniter\Session\Handlers\FileHandler' driver.
DEBUG - 2025-05-02 19:42:28 --> Session: Class initialized using 'CodeIgniter\Session\Handlers\FileHandler' driver.
DEBUG - 2025-05-02 19:42:50 --> Session: Class initialized using 'CodeIgniter\Session\Handlers\FileHandler' driver.
DEBUG - 2025-05-02 19:42:53 --> Session: Class initialized using 'CodeIgniter\Session\Handlers\FileHandler' driver.
DEBUG - 2025-05-02 19:46:46 --> Session: Class initialized using 'CodeIgniter\Session\Handlers\FileHandler' driver.
DEBUG - 2025-05-02 19:46:52 --> Session: Class initialized using 'CodeIgniter\Session\Handlers\FileHandler' driver.
DEBUG - 2025-05-02 19:51:45 --> Session: Class initialized using 'CodeIgniter\Session\Handlers\FileHandler' driver.
DEBUG - 2025-05-02 19:51:48 --> Session: Class initialized using 'CodeIgniter\Session\Handlers\FileHandler' driver.
DEBUG - 2025-05-02 19:51:48 --> Session: Class initialized using 'CodeIgniter\Session\Handlers\FileHandler' driver.
DEBUG - 2025-05-02 19:52:36 --> Session: Class initialized using 'CodeIgniter\Session\Handlers\FileHandler' driver.
DEBUG - 2025-05-02 19:52:43 --> Session: Class initialized using 'CodeIgniter\Session\Handlers\FileHandler' driver.
DEBUG - 2025-05-02 19:52:45 --> Session: Class initialized using 'CodeIgniter\Session\Handlers\FileHandler' driver.
DEBUG - 2025-05-02 19:52:47 --> Session: Class initialized using 'CodeIgniter\Session\Handlers\FileHandler' driver.
DEBUG - 2025-05-02 19:52:48 --> Session: Class initialized using 'CodeIgniter\Session\Handlers\FileHandler' driver.
DEBUG - 2025-05-02 19:52:49 --> Session: Class initialized using 'CodeIgniter\Session\Handlers\FileHandler' driver.
DEBUG - 2025-05-02 19:53:23 --> Session: Class initialized using 'CodeIgniter\Session\Handlers\FileHandler' driver.
DEBUG - 2025-05-02 19:53:41 --> Session: Class initialized using 'CodeIgniter\Session\Handlers\FileHandler' driver.
DEBUG - 2025-05-02 19:54:08 --> Session: Class initialized using 'CodeIgniter\Session\Handlers\FileHandler' driver.
DEBUG - 2025-05-02 19:55:18 --> Session: Class initialized using 'CodeIgniter\Session\Handlers\FileHandler' driver.
DEBUG - 2025-05-02 19:55:35 --> Session: Class initialized using 'CodeIgniter\Session\Handlers\FileHandler' driver.
DEBUG - 2025-05-02 19:56:14 --> Session: Class initialized using 'CodeIgniter\Session\Handlers\FileHandler' driver.
DEBUG - 2025-05-02 19:56:36 --> Session: Class initialized using 'CodeIgniter\Session\Handlers\FileHandler' driver.
DEBUG - 2025-05-02 19:58:13 --> Session: Class initialized using 'CodeIgniter\Session\Handlers\FileHandler' driver.
DEBUG - 2025-05-02 19:58:21 --> Session: Class initialized using 'CodeIgniter\Session\Handlers\FileHandler' driver.
DEBUG - 2025-05-02 19:58:39 --> Session: Class initialized using 'CodeIgniter\Session\Handlers\FileHandler' driver.
DEBUG - 2025-05-02 19:59:09 --> Session: Class initialized using 'CodeIgniter\Session\Handlers\FileHandler' driver.
DEBUG - 2025-05-02 19:59:19 --> Session: Class initialized using 'CodeIgniter\Session\Handlers\FileHandler' driver.
DEBUG - 2025-05-02 19:59:27 --> Session: Class initialized using 'CodeIgniter\Session\Handlers\FileHandler' driver.
DEBUG - 2025-05-02 19:59:39 --> Session: Class initialized using 'CodeIgniter\Session\Handlers\FileHandler' driver.
DEBUG - 2025-05-02 19:59:44 --> Session: Class initialized using 'CodeIgniter\Session\Handlers\FileHandler' driver.
DEBUG - 2025-05-02 20:00:56 --> Session: Class initialized using 'CodeIgniter\Session\Handlers\FileHandler' driver.
DEBUG - 2025-05-02 20:01:01 --> Session: Class initialized using 'CodeIgniter\Session\Handlers\FileHandler' driver.
DEBUG - 2025-05-02 20:01:06 --> Session: Class initialized using 'CodeIgniter\Session\Handlers\FileHandler' driver.
DEBUG - 2025-05-02 20:01:06 --> Session: Class initialized using 'CodeIgniter\Session\Handlers\FileHandler' driver.
DEBUG - 2025-05-02 20:02:34 --> Session: Class initialized using 'CodeIgniter\Session\Handlers\FileHandler' driver.
DEBUG - 2025-05-02 20:03:36 --> Session: Class initialized using 'CodeIgniter\Session\Handlers\FileHandler' driver.
DEBUG - 2025-05-02 20:03:48 --> Session: Class initialized using 'CodeIgniter\Session\Handlers\FileHandler' driver.
DEBUG - 2025-05-02 20:04:00 --> Session: Class initialized using 'CodeIgniter\Session\Handlers\FileHandler' driver.
DEBUG - 2025-05-02 20:04:07 --> Session: Class initialized using 'CodeIgniter\Session\Handlers\FileHandler' driver.
DEBUG - 2025-05-02 20:04:17 --> Session: Class initialized using 'CodeIgniter\Session\Handlers\FileHandler' driver.
DEBUG - 2025-05-02 20:04:57 --> Session: Class initialized using 'CodeIgniter\Session\Handlers\FileHandler' driver.
DEBUG - 2025-05-02 20:05:11 --> Session: Class initialized using 'CodeIgniter\Session\Handlers\FileHandler' driver.
DEBUG - 2025-05-02 20:05:17 --> Session: Class initialized using 'CodeIgniter\Session\Handlers\FileHandler' driver.
DEBUG - 2025-05-02 20:05:27 --> Session: Class initialized using 'CodeIgniter\Session\Handlers\FileHandler' driver.
DEBUG - 2025-05-02 20:05:35 --> Session: Class initialized using 'CodeIgniter\Session\Handlers\FileHandler' driver.
DEBUG - 2025-05-02 20:05:45 --> Session: Class initialized using 'CodeIgniter\Session\Handlers\FileHandler' driver.
DEBUG - 2025-05-02 20:05:51 --> Session: Class initialized using 'CodeIgniter\Session\Handlers\FileHandler' driver.
DEBUG - 2025-05-02 20:05:52 --> Session: Class initialized using 'CodeIgniter\Session\Handlers\FileHandler' driver.
DEBUG - 2025-05-02 20:06:01 --> Session: Class initialized using 'CodeIgniter\Session\Handlers\FileHandler' driver.
DEBUG - 2025-05-02 20:06:13 --> Session: Class initialized using 'CodeIgniter\Session\Handlers\FileHandler' driver.
DEBUG - 2025-05-02 20:06:43 --> Session: Class initialized using 'CodeIgniter\Session\Handlers\FileHandler' driver.
DEBUG - 2025-05-02 20:06:49 --> Session: Class initialized using 'CodeIgniter\Session\Handlers\FileHandler' driver.
DEBUG - 2025-05-02 20:06:58 --> Session: Class initialized using 'CodeIgniter\Session\Handlers\FileHandler' driver.
DEBUG - 2025-05-02 20:07:03 --> Session: Class initialized using 'CodeIgniter\Session\Handlers\FileHandler' driver.
DEBUG - 2025-05-02 20:07:10 --> Session: Class initialized using 'CodeIgniter\Session\Handlers\FileHandler' driver.
DEBUG - 2025-05-02 20:07:12 --> Session: Class initialized using 'CodeIgniter\Session\Handlers\FileHandler' driver.
DEBUG - 2025-05-02 20:09:01 --> Session: Class initialized using 'CodeIgniter\Session\Handlers\FileHandler' driver.
DEBUG - 2025-05-02 20:09:23 --> Session: Class initialized using 'CodeIgniter\Session\Handlers\FileHandler' driver.
DEBUG - 2025-05-02 20:09:37 --> Session: Class initialized using 'CodeIgniter\Session\Handlers\FileHandler' driver.
DEBUG - 2025-05-02 20:09:39 --> Session: Class initialized using 'CodeIgniter\Session\Handlers\FileHandler' driver.
DEBUG - 2025-05-02 20:10:40 --> Session: Class initialized using 'CodeIgniter\Session\Handlers\FileHandler' driver.
DEBUG - 2025-05-02 20:11:48 --> Session: Class initialized using 'CodeIgniter\Session\Handlers\FileHandler' driver.
DEBUG - 2025-05-02 20:11:48 --> Session: Class initialized using 'CodeIgniter\Session\Handlers\FileHandler' driver.
DEBUG - 2025-05-02 20:11:56 --> Session: Class initialized using 'CodeIgniter\Session\Handlers\FileHandler' driver.
DEBUG - 2025-05-02 20:11:57 --> Session: Class initialized using 'CodeIgniter\Session\Handlers\FileHandler' driver.
DEBUG - 2025-05-02 20:13:29 --> Session: Class initialized using 'CodeIgniter\Session\Handlers\FileHandler' driver.
DEBUG - 2025-05-02 20:13:32 --> Session: Class initialized using 'CodeIgniter\Session\Handlers\FileHandler' driver.
DEBUG - 2025-05-02 20:13:39 --> Session: Class initialized using 'CodeIgniter\Session\Handlers\FileHandler' driver.
DEBUG - 2025-05-02 20:15:38 --> Session: Class initialized using 'CodeIgniter\Session\Handlers\FileHandler' driver.
DEBUG - 2025-05-02 20:15:42 --> Session: Class initialized using 'CodeIgniter\Session\Handlers\FileHandler' driver.
DEBUG - 2025-05-02 20:16:04 --> Session: Class initialized using 'CodeIgniter\Session\Handlers\FileHandler' driver.
DEBUG - 2025-05-02 20:16:06 --> Session: Class initialized using 'CodeIgniter\Session\Handlers\FileHandler' driver.
DEBUG - 2025-05-02 20:16:08 --> Session: Class initialized using 'CodeIgniter\Session\Handlers\FileHandler' driver.
DEBUG - 2025-05-02 20:16:11 --> Session: Class initialized using 'CodeIgniter\Session\Handlers\FileHandler' driver.
DEBUG - 2025-05-02 20:16:11 --> Session: Class initialized using 'CodeIgniter\Session\Handlers\FileHandler' driver.
DEBUG - 2025-05-02 20:16:15 --> Session: Class initialized using 'CodeIgniter\Session\Handlers\FileHandler' driver.
DEBUG - 2025-05-02 20:16:15 --> Session: Class initialized using 'CodeIgniter\Session\Handlers\FileHandler' driver.
DEBUG - 2025-05-02 20:17:41 --> Session: Class initialized using 'CodeIgniter\Session\Handlers\FileHandler' driver.
DEBUG - 2025-05-02 20:19:59 --> Session: Class initialized using 'CodeIgniter\Session\Handlers\FileHandler' driver.
DEBUG - 2025-05-02 20:23:58 --> Session: Class initialized using 'CodeIgniter\Session\Handlers\FileHandler' driver.
DEBUG - 2025-05-02 20:26:08 --> Session: Class initialized using 'CodeIgniter\Session\Handlers\FileHandler' driver.
DEBUG - 2025-05-02 20:29:24 --> Session: Class initialized using 'CodeIgniter\Session\Handlers\FileHandler' driver.
DEBUG - 2025-05-02 20:33:27 --> Session: Class initialized using 'CodeIgniter\Session\Handlers\FileHandler' driver.
DEBUG - 2025-05-02 20:33:48 --> Session: Class initialized using 'CodeIgniter\Session\Handlers\FileHandler' driver.
DEBUG - 2025-05-02 20:35:23 --> Session: Class initialized using 'CodeIgniter\Session\Handlers\FileHandler' driver.
DEBUG - 2025-05-02 20:36:13 --> Session: Class initialized using 'CodeIgniter\Session\Handlers\FileHandler' driver.
DEBUG - 2025-05-02 20:37:30 --> Session: Class initialized using 'CodeIgniter\Session\Handlers\FileHandler' driver.
DEBUG - 2025-05-02 20:38:47 --> Session: Class initialized using 'CodeIgniter\Session\Handlers\FileHandler' driver.
DEBUG - 2025-05-02 20:38:55 --> Session: Class initialized using 'CodeIgniter\Session\Handlers\FileHandler' driver.
DEBUG - 2025-05-02 20:42:29 --> Session: Class initialized using 'CodeIgniter\Session\Handlers\FileHandler' driver.
DEBUG - 2025-05-02 20:46:58 --> Session: Class initialized using 'CodeIgniter\Session\Handlers\FileHandler' driver.
DEBUG - 2025-05-02 20:49:22 --> Session: Class initialized using 'CodeIgniter\Session\Handlers\FileHandler' driver.
DEBUG - 2025-05-02 20:51:22 --> Session: Class initialized using 'CodeIgniter\Session\Handlers\FileHandler' driver.
DEBUG - 2025-05-02 20:57:33 --> Session: Class initialized using 'CodeIgniter\Session\Handlers\FileHandler' driver.
DEBUG - 2025-05-02 21:00:50 --> Session: Class initialized using 'CodeIgniter\Session\Handlers\FileHandler' driver.
DEBUG - 2025-05-02 22:18:40 --> Session: Class initialized using 'CodeIgniter\Session\Handlers\FileHandler' driver.
DEBUG - 2025-05-02 22:19:18 --> Session: Class initialized using 'CodeIgniter\Session\Handlers\FileHandler' driver.
DEBUG - 2025-05-02 22:19:38 --> Session: Class initialized using 'CodeIgniter\Session\Handlers\FileHandler' driver.
DEBUG - 2025-05-02 22:31:54 --> Session: Class initialized using 'CodeIgniter\Session\Handlers\FileHandler' driver.
CRITICAL - 2025-05-02 22:31:54 --> TypeError: App\Models\Services\TripService::get(): Argument #1 ($filters) must be of type array, int given, called in C:\Users\loren\Downloads\UniServerZ\www\ci4\app\Controllers\Trip.php on line 17
[Method: GET, Route: trip]
in APPPATH\Models\Services\TripService.php on line 9.
 1 APPPATH\Controllers\Trip.php(17): App\Models\Services\TripService->get(1)
 2 SYSTEMPATH\CodeIgniter.php(933): App\Controllers\Trip->index()
 3 SYSTEMPATH\CodeIgniter.php(507): CodeIgniter\CodeIgniter->runController(Object(App\Controllers\Trip))
 4 SYSTEMPATH\CodeIgniter.php(354): CodeIgniter\CodeIgniter->handleRequest(null, Object(Config\Cache), false)
 5 SYSTEMPATH\Boot.php(334): CodeIgniter\CodeIgniter->run()
 6 SYSTEMPATH\Boot.php(67): CodeIgniter\Boot::runCodeIgniter(Object(CodeIgniter\CodeIgniter))
 7 FCPATH\index.php(56): CodeIgniter\Boot::bootWeb(Object(Config\Paths))
DEBUG - 2025-05-02 22:38:05 --> Session: Class initialized using 'CodeIgniter\Session\Handlers\FileHandler' driver.
CRITICAL - 2025-05-02 22:38:05 --> TypeError: App\Models\Services\TripService::get(): Argument #1 ($filters) must be of type array, int given, called in C:\Users\loren\Downloads\UniServerZ\www\ci4\app\Controllers\Trip.php on line 17
[Method: GET, Route: trip]
in APPPATH\Models\Services\TripService.php on line 9.
 1 APPPATH\Controllers\Trip.php(17): App\Models\Services\TripService->get(1)
 2 SYSTEMPATH\CodeIgniter.php(933): App\Controllers\Trip->index()
 3 SYSTEMPATH\CodeIgniter.php(507): CodeIgniter\CodeIgniter->runController(Object(App\Controllers\Trip))
 4 SYSTEMPATH\CodeIgniter.php(354): CodeIgniter\CodeIgniter->handleRequest(null, Object(Config\Cache), false)
 5 SYSTEMPATH\Boot.php(334): CodeIgniter\CodeIgniter->run()
 6 SYSTEMPATH\Boot.php(67): CodeIgniter\Boot::runCodeIgniter(Object(CodeIgniter\CodeIgniter))
 7 FCPATH\index.php(56): CodeIgniter\Boot::bootWeb(Object(Config\Paths))
DEBUG - 2025-05-02 22:38:29 --> Session: Class initialized using 'CodeIgniter\Session\Handlers\FileHandler' driver.
CRITICAL - 2025-05-02 22:38:29 --> ErrorException: Undefined array key "tripId"
[Method: GET, Route: trip]
in APPPATH\Controllers\Trip.php on line 17.
 1 APPPATH\Controllers\Trip.php(17): CodeIgniter\Debug\Exceptions->errorHandler(2, 'Undefined array key "tripId"', 'C:\\Users\\loren\\Downloads\\UniServerZ\\www\\ci4\\app\\Controllers\\Trip.php', 17)
 2 SYSTEMPATH\CodeIgniter.php(933): App\Controllers\Trip->index()
 3 SYSTEMPATH\CodeIgniter.php(507): CodeIgniter\CodeIgniter->runController(Object(App\Controllers\Trip))
 4 SYSTEMPATH\CodeIgniter.php(354): CodeIgniter\CodeIgniter->handleRequest(null, Object(Config\Cache), false)
 5 SYSTEMPATH\Boot.php(334): CodeIgniter\CodeIgniter->run()
 6 SYSTEMPATH\Boot.php(67): CodeIgniter\Boot::runCodeIgniter(Object(CodeIgniter\CodeIgniter))
 7 FCPATH\index.php(56): CodeIgniter\Boot::bootWeb(Object(Config\Paths))
DEBUG - 2025-05-02 22:38:35 --> Session: Class initialized using 'CodeIgniter\Session\Handlers\FileHandler' driver.
DEBUG - 2025-05-02 22:38:48 --> Session: Class initialized using 'CodeIgniter\Session\Handlers\FileHandler' driver.
DEBUG - 2025-05-02 22:39:25 --> Session: Class initialized using 'CodeIgniter\Session\Handlers\FileHandler' driver.
DEBUG - 2025-05-02 22:39:26 --> Session: Class initialized using 'CodeIgniter\Session\Handlers\FileHandler' driver.
DEBUG - 2025-05-02 22:39:44 --> Session: Class initialized using 'CodeIgniter\Session\Handlers\FileHandler' driver.
DEBUG - 2025-05-02 22:39:45 --> Session: Class initialized using 'CodeIgniter\Session\Handlers\FileHandler' driver.
DEBUG - 2025-05-02 22:39:48 --> Session: Class initialized using 'CodeIgniter\Session\Handlers\FileHandler' driver.
DEBUG - 2025-05-02 22:39:49 --> Session: Class initialized using 'CodeIgniter\Session\Handlers\FileHandler' driver.
DEBUG - 2025-05-02 22:40:18 --> Session: Class initialized using 'CodeIgniter\Session\Handlers\FileHandler' driver.
DEBUG - 2025-05-02 22:41:08 --> Session: Class initialized using 'CodeIgniter\Session\Handlers\FileHandler' driver.
DEBUG - 2025-05-02 22:41:40 --> Session: Class initialized using 'CodeIgniter\Session\Handlers\FileHandler' driver.
DEBUG - 2025-05-02 22:41:41 --> Session: Class initialized using 'CodeIgniter\Session\Handlers\FileHandler' driver.
DEBUG - 2025-05-02 22:41:42 --> Session: Class initialized using 'CodeIgniter\Session\Handlers\FileHandler' driver.
DEBUG - 2025-05-02 22:41:59 --> Session: Class initialized using 'CodeIgniter\Session\Handlers\FileHandler' driver.
DEBUG - 2025-05-02 23:23:03 --> Session: Class initialized using 'CodeIgniter\Session\Handlers\FileHandler' driver.
ERROR - 2025-05-02 23:23:03 --> mysqli_sql_exception: Not unique table/alias: 't_step' in C:\Users\loren\Downloads\UniServerZ\www\ci4\system\Database\MySQLi\Connection.php:327
Stack trace:
#0 C:\Users\loren\Downloads\UniServerZ\www\ci4\system\Database\MySQLi\Connection.php(327): mysqli->query('SELECT `t_step`...', 0)
#1 C:\Users\loren\Downloads\UniServerZ\www\ci4\system\Database\BaseConnection.php(738): CodeIgniter\Database\MySQLi\Connection->execute('SELECT `t_step`...')
#2 C:\Users\loren\Downloads\UniServerZ\www\ci4\system\Database\BaseConnection.php(652): CodeIgniter\Database\BaseConnection->simpleQuery('SELECT `t_step`...')
#3 C:\Users\loren\Downloads\UniServerZ\www\ci4\system\Database\BaseBuilder.php(1649): CodeIgniter\Database\BaseConnection->query('SELECT `t_step`...', Array, false)
#4 C:\Users\loren\Downloads\UniServerZ\www\ci4\app\Models\Services\TripService.php(39): CodeIgniter\Database\BaseBuilder->get()
#5 C:\Users\loren\Downloads\UniServerZ\www\ci4\app\Controllers\Trip.php(17): App\Models\Services\TripService->get(Array)
#6 C:\Users\loren\Downloads\UniServerZ\www\ci4\system\CodeIgniter.php(933): App\Controllers\Trip->index()
#7 C:\Users\loren\Downloads\UniServerZ\www\ci4\system\CodeIgniter.php(507): CodeIgniter\CodeIgniter->runController(Object(App\Controllers\Trip))
#8 C:\Users\loren\Downloads\UniServerZ\www\ci4\system\CodeIgniter.php(354): CodeIgniter\CodeIgniter->handleRequest(NULL, Object(Config\Cache), false)
#9 C:\Users\loren\Downloads\UniServerZ\www\ci4\system\Boot.php(334): CodeIgniter\CodeIgniter->run()
#10 C:\Users\loren\Downloads\UniServerZ\www\ci4\system\Boot.php(67): CodeIgniter\Boot::runCodeIgniter(Object(CodeIgniter\CodeIgniter))
#11 C:\Users\loren\Downloads\UniServerZ\www\ci4\public\index.php(56): CodeIgniter\Boot::bootWeb(Object(Config\Paths))
#12 {main}
CRITICAL - 2025-05-02 23:23:03 --> CodeIgniter\Database\Exceptions\DatabaseException: Not unique table/alias: 't_step'
[Method: GET, Route: trip]
in SYSTEMPATH\Database\BaseConnection.php on line 692.
 1 SYSTEMPATH\Database\BaseBuilder.php(1649): CodeIgniter\Database\BaseConnection->query('SELECT `t_step`.`stepId`, `t_step`.`latitude`, `t_step`.`longitude`, `t_step`.`polyline`, `t_step`.`ordinal`
FROM `t_step`
JOIN `t_step` ON `t_step`.`stepId` = `t_step`.`stepId`
WHERE `t_step`.`tripId` = :t_step.tripId:
AND `t_step`.`active` = :t_step.active:
ORDER BY `t_trip_step`.`ordinal` ASC', [...], false)
 2 APPPATH\Models\Services\TripService.php(39): CodeIgniter\Database\BaseBuilder->get()
 3 APPPATH\Controllers\Trip.php(17): App\Models\Services\TripService->get([...])
 4 SYSTEMPATH\CodeIgniter.php(933): App\Controllers\Trip->index()
 5 SYSTEMPATH\CodeIgniter.php(507): CodeIgniter\CodeIgniter->runController(Object(App\Controllers\Trip))
 6 SYSTEMPATH\CodeIgniter.php(354): CodeIgniter\CodeIgniter->handleRequest(null, Object(Config\Cache), false)
 7 SYSTEMPATH\Boot.php(334): CodeIgniter\CodeIgniter->run()
 8 SYSTEMPATH\Boot.php(67): CodeIgniter\Boot::runCodeIgniter(Object(CodeIgniter\CodeIgniter))
 9 FCPATH\index.php(56): CodeIgniter\Boot::bootWeb(Object(Config\Paths))
CRITICAL - 2025-05-02 23:23:03 --> [Caused by] CodeIgniter\Database\Exceptions\DatabaseException: Not unique table/alias: 't_step'
in SYSTEMPATH\Database\MySQLi\Connection.php on line 332.
 1 SYSTEMPATH\Database\BaseConnection.php(738): CodeIgniter\Database\MySQLi\Connection->execute('SELECT `t_step`.`stepId`, `t_step`.`latitude`, `t_step`.`longitude`, `t_step`.`polyline`, `t_step`.`ordinal`
FROM `t_step`
JOIN `t_step` ON `t_step`.`stepId` = `t_step`.`stepId`
WHERE `t_step`.`tripId` = \'1\'
AND `t_step`.`active` = 1
ORDER BY `t_trip_step`.`ordinal` ASC')
 2 SYSTEMPATH\Database\BaseConnection.php(652): CodeIgniter\Database\BaseConnection->simpleQuery('SELECT `t_step`.`stepId`, `t_step`.`latitude`, `t_step`.`longitude`, `t_step`.`polyline`, `t_step`.`ordinal`
FROM `t_step`
JOIN `t_step` ON `t_step`.`stepId` = `t_step`.`stepId`
WHERE `t_step`.`tripId` = \'1\'
AND `t_step`.`active` = 1
ORDER BY `t_trip_step`.`ordinal` ASC')
 3 SYSTEMPATH\Database\BaseBuilder.php(1649): CodeIgniter\Database\BaseConnection->query('SELECT `t_step`.`stepId`, `t_step`.`latitude`, `t_step`.`longitude`, `t_step`.`polyline`, `t_step`.`ordinal`
FROM `t_step`
JOIN `t_step` ON `t_step`.`stepId` = `t_step`.`stepId`
WHERE `t_step`.`tripId` = :t_step.tripId:
AND `t_step`.`active` = :t_step.active:
ORDER BY `t_trip_step`.`ordinal` ASC', [...], false)
 4 APPPATH\Models\Services\TripService.php(39): CodeIgniter\Database\BaseBuilder->get()
 5 APPPATH\Controllers\Trip.php(17): App\Models\Services\TripService->get([...])
 6 SYSTEMPATH\CodeIgniter.php(933): App\Controllers\Trip->index()
 7 SYSTEMPATH\CodeIgniter.php(507): CodeIgniter\CodeIgniter->runController(Object(App\Controllers\Trip))
 8 SYSTEMPATH\CodeIgniter.php(354): CodeIgniter\CodeIgniter->handleRequest(null, Object(Config\Cache), false)
 9 SYSTEMPATH\Boot.php(334): CodeIgniter\CodeIgniter->run()
10 SYSTEMPATH\Boot.php(67): CodeIgniter\Boot::runCodeIgniter(Object(CodeIgniter\CodeIgniter))
11 FCPATH\index.php(56): CodeIgniter\Boot::bootWeb(Object(Config\Paths))
CRITICAL - 2025-05-02 23:23:03 --> [Caused by] mysqli_sql_exception: Not unique table/alias: 't_step'
in SYSTEMPATH\Database\MySQLi\Connection.php on line 327.
 1 SYSTEMPATH\Database\MySQLi\Connection.php(327): mysqli->query('SELECT `t_step`.`stepId`, `t_step`.`latitude`, `t_step`.`longitude`, `t_step`.`polyline`, `t_step`.`ordinal`
FROM `t_step`
JOIN `t_step` ON `t_step`.`stepId` = `t_step`.`stepId`
WHERE `t_step`.`tripId` = \'1\'
AND `t_step`.`active` = 1
ORDER BY `t_trip_step`.`ordinal` ASC', 0)
 2 SYSTEMPATH\Database\BaseConnection.php(738): CodeIgniter\Database\MySQLi\Connection->execute('SELECT `t_step`.`stepId`, `t_step`.`latitude`, `t_step`.`longitude`, `t_step`.`polyline`, `t_step`.`ordinal`
FROM `t_step`
JOIN `t_step` ON `t_step`.`stepId` = `t_step`.`stepId`
WHERE `t_step`.`tripId` = \'1\'
AND `t_step`.`active` = 1
ORDER BY `t_trip_step`.`ordinal` ASC')
 3 SYSTEMPATH\Database\BaseConnection.php(652): CodeIgniter\Database\BaseConnection->simpleQuery('SELECT `t_step`.`stepId`, `t_step`.`latitude`, `t_step`.`longitude`, `t_step`.`polyline`, `t_step`.`ordinal`
FROM `t_step`
JOIN `t_step` ON `t_step`.`stepId` = `t_step`.`stepId`
WHERE `t_step`.`tripId` = \'1\'
AND `t_step`.`active` = 1
ORDER BY `t_trip_step`.`ordinal` ASC')
 4 SYSTEMPATH\Database\BaseBuilder.php(1649): CodeIgniter\Database\BaseConnection->query('SELECT `t_step`.`stepId`, `t_step`.`latitude`, `t_step`.`longitude`, `t_step`.`polyline`, `t_step`.`ordinal`
FROM `t_step`
JOIN `t_step` ON `t_step`.`stepId` = `t_step`.`stepId`
WHERE `t_step`.`tripId` = :t_step.tripId:
AND `t_step`.`active` = :t_step.active:
ORDER BY `t_trip_step`.`ordinal` ASC', [...], false)
 5 APPPATH\Models\Services\TripService.php(39): CodeIgniter\Database\BaseBuilder->get()
 6 APPPATH\Controllers\Trip.php(17): App\Models\Services\TripService->get([...])
 7 SYSTEMPATH\CodeIgniter.php(933): App\Controllers\Trip->index()
 8 SYSTEMPATH\CodeIgniter.php(507): CodeIgniter\CodeIgniter->runController(Object(App\Controllers\Trip))
 9 SYSTEMPATH\CodeIgniter.php(354): CodeIgniter\CodeIgniter->handleRequest(null, Object(Config\Cache), false)
10 SYSTEMPATH\Boot.php(334): CodeIgniter\CodeIgniter->run()
11 SYSTEMPATH\Boot.php(67): CodeIgniter\Boot::runCodeIgniter(Object(CodeIgniter\CodeIgniter))
12 FCPATH\index.php(56): CodeIgniter\Boot::bootWeb(Object(Config\Paths))
DEBUG - 2025-05-02 23:23:32 --> Session: Class initialized using 'CodeIgniter\Session\Handlers\FileHandler' driver.
ERROR - 2025-05-02 23:23:32 --> mysqli_sql_exception: Not unique table/alias: 't_step' in C:\Users\loren\Downloads\UniServerZ\www\ci4\system\Database\MySQLi\Connection.php:327
Stack trace:
#0 C:\Users\loren\Downloads\UniServerZ\www\ci4\system\Database\MySQLi\Connection.php(327): mysqli->query('SELECT `t_step`...', 0)
#1 C:\Users\loren\Downloads\UniServerZ\www\ci4\system\Database\BaseConnection.php(738): CodeIgniter\Database\MySQLi\Connection->execute('SELECT `t_step`...')
#2 C:\Users\loren\Downloads\UniServerZ\www\ci4\system\Database\BaseConnection.php(652): CodeIgniter\Database\BaseConnection->simpleQuery('SELECT `t_step`...')
#3 C:\Users\loren\Downloads\UniServerZ\www\ci4\system\Database\BaseBuilder.php(1649): CodeIgniter\Database\BaseConnection->query('SELECT `t_step`...', Array, false)
#4 C:\Users\loren\Downloads\UniServerZ\www\ci4\app\Models\Services\TripService.php(39): CodeIgniter\Database\BaseBuilder->get()
#5 C:\Users\loren\Downloads\UniServerZ\www\ci4\app\Controllers\Trip.php(17): App\Models\Services\TripService->get(Array)
#6 C:\Users\loren\Downloads\UniServerZ\www\ci4\system\CodeIgniter.php(933): App\Controllers\Trip->index()
#7 C:\Users\loren\Downloads\UniServerZ\www\ci4\system\CodeIgniter.php(507): CodeIgniter\CodeIgniter->runController(Object(App\Controllers\Trip))
#8 C:\Users\loren\Downloads\UniServerZ\www\ci4\system\CodeIgniter.php(354): CodeIgniter\CodeIgniter->handleRequest(NULL, Object(Config\Cache), false)
#9 C:\Users\loren\Downloads\UniServerZ\www\ci4\system\Boot.php(334): CodeIgniter\CodeIgniter->run()
#10 C:\Users\loren\Downloads\UniServerZ\www\ci4\system\Boot.php(67): CodeIgniter\Boot::runCodeIgniter(Object(CodeIgniter\CodeIgniter))
#11 C:\Users\loren\Downloads\UniServerZ\www\ci4\public\index.php(56): CodeIgniter\Boot::bootWeb(Object(Config\Paths))
#12 {main}
CRITICAL - 2025-05-02 23:23:32 --> CodeIgniter\Database\Exceptions\DatabaseException: Not unique table/alias: 't_step'
[Method: GET, Route: trip]
in SYSTEMPATH\Database\BaseConnection.php on line 692.
 1 SYSTEMPATH\Database\BaseBuilder.php(1649): CodeIgniter\Database\BaseConnection->query('SELECT `t_step`.`stepId`, `t_step`.`latitude`, `t_step`.`longitude`, `t_step`.`polyline`, `t_step`.`ordinal`
FROM `t_step`
JOIN `t_step` ON `t_step`.`stepId` = `t_step`.`stepId`
WHERE `t_step`.`tripId` = :t_step.tripId:
AND `t_step`.`active` = :t_step.active:
ORDER BY `t_step`.`ordinal` ASC', [...], false)
 2 APPPATH\Models\Services\TripService.php(39): CodeIgniter\Database\BaseBuilder->get()
 3 APPPATH\Controllers\Trip.php(17): App\Models\Services\TripService->get([...])
 4 SYSTEMPATH\CodeIgniter.php(933): App\Controllers\Trip->index()
 5 SYSTEMPATH\CodeIgniter.php(507): CodeIgniter\CodeIgniter->runController(Object(App\Controllers\Trip))
 6 SYSTEMPATH\CodeIgniter.php(354): CodeIgniter\CodeIgniter->handleRequest(null, Object(Config\Cache), false)
 7 SYSTEMPATH\Boot.php(334): CodeIgniter\CodeIgniter->run()
 8 SYSTEMPATH\Boot.php(67): CodeIgniter\Boot::runCodeIgniter(Object(CodeIgniter\CodeIgniter))
 9 FCPATH\index.php(56): CodeIgniter\Boot::bootWeb(Object(Config\Paths))
CRITICAL - 2025-05-02 23:23:32 --> [Caused by] CodeIgniter\Database\Exceptions\DatabaseException: Not unique table/alias: 't_step'
in SYSTEMPATH\Database\MySQLi\Connection.php on line 332.
 1 SYSTEMPATH\Database\BaseConnection.php(738): CodeIgniter\Database\MySQLi\Connection->execute('SELECT `t_step`.`stepId`, `t_step`.`latitude`, `t_step`.`longitude`, `t_step`.`polyline`, `t_step`.`ordinal`
FROM `t_step`
JOIN `t_step` ON `t_step`.`stepId` = `t_step`.`stepId`
WHERE `t_step`.`tripId` = \'1\'
AND `t_step`.`active` = 1
ORDER BY `t_step`.`ordinal` ASC')
 2 SYSTEMPATH\Database\BaseConnection.php(652): CodeIgniter\Database\BaseConnection->simpleQuery('SELECT `t_step`.`stepId`, `t_step`.`latitude`, `t_step`.`longitude`, `t_step`.`polyline`, `t_step`.`ordinal`
FROM `t_step`
JOIN `t_step` ON `t_step`.`stepId` = `t_step`.`stepId`
WHERE `t_step`.`tripId` = \'1\'
AND `t_step`.`active` = 1
ORDER BY `t_step`.`ordinal` ASC')
 3 SYSTEMPATH\Database\BaseBuilder.php(1649): CodeIgniter\Database\BaseConnection->query('SELECT `t_step`.`stepId`, `t_step`.`latitude`, `t_step`.`longitude`, `t_step`.`polyline`, `t_step`.`ordinal`
FROM `t_step`
JOIN `t_step` ON `t_step`.`stepId` = `t_step`.`stepId`
WHERE `t_step`.`tripId` = :t_step.tripId:
AND `t_step`.`active` = :t_step.active:
ORDER BY `t_step`.`ordinal` ASC', [...], false)
 4 APPPATH\Models\Services\TripService.php(39): CodeIgniter\Database\BaseBuilder->get()
 5 APPPATH\Controllers\Trip.php(17): App\Models\Services\TripService->get([...])
 6 SYSTEMPATH\CodeIgniter.php(933): App\Controllers\Trip->index()
 7 SYSTEMPATH\CodeIgniter.php(507): CodeIgniter\CodeIgniter->runController(Object(App\Controllers\Trip))
 8 SYSTEMPATH\CodeIgniter.php(354): CodeIgniter\CodeIgniter->handleRequest(null, Object(Config\Cache), false)
 9 SYSTEMPATH\Boot.php(334): CodeIgniter\CodeIgniter->run()
10 SYSTEMPATH\Boot.php(67): CodeIgniter\Boot::runCodeIgniter(Object(CodeIgniter\CodeIgniter))
11 FCPATH\index.php(56): CodeIgniter\Boot::bootWeb(Object(Config\Paths))
CRITICAL - 2025-05-02 23:23:32 --> [Caused by] mysqli_sql_exception: Not unique table/alias: 't_step'
in SYSTEMPATH\Database\MySQLi\Connection.php on line 327.
 1 SYSTEMPATH\Database\MySQLi\Connection.php(327): mysqli->query('SELECT `t_step`.`stepId`, `t_step`.`latitude`, `t_step`.`longitude`, `t_step`.`polyline`, `t_step`.`ordinal`
FROM `t_step`
JOIN `t_step` ON `t_step`.`stepId` = `t_step`.`stepId`
WHERE `t_step`.`tripId` = \'1\'
AND `t_step`.`active` = 1
ORDER BY `t_step`.`ordinal` ASC', 0)
 2 SYSTEMPATH\Database\BaseConnection.php(738): CodeIgniter\Database\MySQLi\Connection->execute('SELECT `t_step`.`stepId`, `t_step`.`latitude`, `t_step`.`longitude`, `t_step`.`polyline`, `t_step`.`ordinal`
FROM `t_step`
JOIN `t_step` ON `t_step`.`stepId` = `t_step`.`stepId`
WHERE `t_step`.`tripId` = \'1\'
AND `t_step`.`active` = 1
ORDER BY `t_step`.`ordinal` ASC')
 3 SYSTEMPATH\Database\BaseConnection.php(652): CodeIgniter\Database\BaseConnection->simpleQuery('SELECT `t_step`.`stepId`, `t_step`.`latitude`, `t_step`.`longitude`, `t_step`.`polyline`, `t_step`.`ordinal`
FROM `t_step`
JOIN `t_step` ON `t_step`.`stepId` = `t_step`.`stepId`
WHERE `t_step`.`tripId` = \'1\'
AND `t_step`.`active` = 1
ORDER BY `t_step`.`ordinal` ASC')
 4 SYSTEMPATH\Database\BaseBuilder.php(1649): CodeIgniter\Database\BaseConnection->query('SELECT `t_step`.`stepId`, `t_step`.`latitude`, `t_step`.`longitude`, `t_step`.`polyline`, `t_step`.`ordinal`
FROM `t_step`
JOIN `t_step` ON `t_step`.`stepId` = `t_step`.`stepId`
WHERE `t_step`.`tripId` = :t_step.tripId:
AND `t_step`.`active` = :t_step.active:
ORDER BY `t_step`.`ordinal` ASC', [...], false)
 5 APPPATH\Models\Services\TripService.php(39): CodeIgniter\Database\BaseBuilder->get()
 6 APPPATH\Controllers\Trip.php(17): App\Models\Services\TripService->get([...])
 7 SYSTEMPATH\CodeIgniter.php(933): App\Controllers\Trip->index()
 8 SYSTEMPATH\CodeIgniter.php(507): CodeIgniter\CodeIgniter->runController(Object(App\Controllers\Trip))
 9 SYSTEMPATH\CodeIgniter.php(354): CodeIgniter\CodeIgniter->handleRequest(null, Object(Config\Cache), false)
10 SYSTEMPATH\Boot.php(334): CodeIgniter\CodeIgniter->run()
11 SYSTEMPATH\Boot.php(67): CodeIgniter\Boot::runCodeIgniter(Object(CodeIgniter\CodeIgniter))
12 FCPATH\index.php(56): CodeIgniter\Boot::bootWeb(Object(Config\Paths))
DEBUG - 2025-05-02 23:29:02 --> Session: Class initialized using 'CodeIgniter\Session\Handlers\FileHandler' driver.
DEBUG - 2025-05-02 23:30:08 --> Session: Class initialized using 'CodeIgniter\Session\Handlers\FileHandler' driver.
DEBUG - 2025-05-02 23:32:23 --> Session: Class initialized using 'CodeIgniter\Session\Handlers\FileHandler' driver.
CRITICAL - 2025-05-02 23:32:23 --> Error: Call to undefined method CodeIgniter\Database\MySQLi\Builder::findAll()
[Method: GET, Route: trip]
in APPPATH\Controllers\Trip.php on line 20.
 1 SYSTEMPATH\CodeIgniter.php(933): App\Controllers\Trip->index()
 2 SYSTEMPATH\CodeIgniter.php(507): CodeIgniter\CodeIgniter->runController(Object(App\Controllers\Trip))
 3 SYSTEMPATH\CodeIgniter.php(354): CodeIgniter\CodeIgniter->handleRequest(null, Object(Config\Cache), false)
 4 SYSTEMPATH\Boot.php(334): CodeIgniter\CodeIgniter->run()
 5 SYSTEMPATH\Boot.php(67): CodeIgniter\Boot::runCodeIgniter(Object(CodeIgniter\CodeIgniter))
 6 FCPATH\index.php(56): CodeIgniter\Boot::bootWeb(Object(Config\Paths))
DEBUG - 2025-05-02 23:33:54 --> Session: Class initialized using 'CodeIgniter\Session\Handlers\FileHandler' driver.
ERROR - 2025-05-02 23:33:54 --> mysqli_sql_exception: Unknown column 't_stepId' in 'SELECT' in C:\Users\loren\Downloads\UniServerZ\www\ci4\system\Database\MySQLi\Connection.php:327
Stack trace:
#0 C:\Users\loren\Downloads\UniServerZ\www\ci4\system\Database\MySQLi\Connection.php(327): mysqli->query('SELECT `t_trip`...', 0)
#1 C:\Users\loren\Downloads\UniServerZ\www\ci4\system\Database\BaseConnection.php(738): CodeIgniter\Database\MySQLi\Connection->execute('SELECT `t_trip`...')
#2 C:\Users\loren\Downloads\UniServerZ\www\ci4\system\Database\BaseConnection.php(652): CodeIgniter\Database\BaseConnection->simpleQuery('SELECT `t_trip`...')
#3 C:\Users\loren\Downloads\UniServerZ\www\ci4\system\Database\BaseBuilder.php(1649): CodeIgniter\Database\BaseConnection->query('SELECT `t_trip`...', Array, false)
#4 C:\Users\loren\Downloads\UniServerZ\www\ci4\app\Controllers\Trip.php(20): CodeIgniter\Database\BaseBuilder->get()
#5 C:\Users\loren\Downloads\UniServerZ\www\ci4\system\CodeIgniter.php(933): App\Controllers\Trip->index()
#6 C:\Users\loren\Downloads\UniServerZ\www\ci4\system\CodeIgniter.php(507): CodeIgniter\CodeIgniter->runController(Object(App\Controllers\Trip))
#7 C:\Users\loren\Downloads\UniServerZ\www\ci4\system\CodeIgniter.php(354): CodeIgniter\CodeIgniter->handleRequest(NULL, Object(Config\Cache), false)
#8 C:\Users\loren\Downloads\UniServerZ\www\ci4\system\Boot.php(334): CodeIgniter\CodeIgniter->run()
#9 C:\Users\loren\Downloads\UniServerZ\www\ci4\system\Boot.php(67): CodeIgniter\Boot::runCodeIgniter(Object(CodeIgniter\CodeIgniter))
#10 C:\Users\loren\Downloads\UniServerZ\www\ci4\public\index.php(56): CodeIgniter\Boot::bootWeb(Object(Config\Paths))
#11 {main}
CRITICAL - 2025-05-02 23:33:54 --> CodeIgniter\Database\Exceptions\DatabaseException: Unknown column 't_stepId' in 'SELECT'
[Method: GET, Route: trip]
in SYSTEMPATH\Database\BaseConnection.php on line 692.
 1 SYSTEMPATH\Database\BaseBuilder.php(1649): CodeIgniter\Database\BaseConnection->query('SELECT `t_trip`.`tripId`, `t_trip`.`carId`, `t_trip`.`driverId`, `t_trip`.`startTime`, `t_trip`.`estimatedEndTime`, `t_trip`.`actualEndTime`, `t_trip`.`status`, `t_trip`.`active`, `t_trip`.`lastUpdate`, `t_step`.`stepId`, `t_step`.`latitude`, `t_step`.`longitude`, `t_step`.`polyline`, `t_step`.`ordinal`, `t_trip`.*, `t_stepId`
FROM `t_trip`
JOIN `t_step` ON `t_step`.`tripId` = `t_trip`.`tripId`
WHERE `active` = :active:', [...], false)
 2 APPPATH\Controllers\Trip.php(20): CodeIgniter\Database\BaseBuilder->get()
 3 SYSTEMPATH\CodeIgniter.php(933): App\Controllers\Trip->index()
 4 SYSTEMPATH\CodeIgniter.php(507): CodeIgniter\CodeIgniter->runController(Object(App\Controllers\Trip))
 5 SYSTEMPATH\CodeIgniter.php(354): CodeIgniter\CodeIgniter->handleRequest(null, Object(Config\Cache), false)
 6 SYSTEMPATH\Boot.php(334): CodeIgniter\CodeIgniter->run()
 7 SYSTEMPATH\Boot.php(67): CodeIgniter\Boot::runCodeIgniter(Object(CodeIgniter\CodeIgniter))
 8 FCPATH\index.php(56): CodeIgniter\Boot::bootWeb(Object(Config\Paths))
CRITICAL - 2025-05-02 23:33:54 --> [Caused by] CodeIgniter\Database\Exceptions\DatabaseException: Unknown column 't_stepId' in 'SELECT'
in SYSTEMPATH\Database\MySQLi\Connection.php on line 332.
 1 SYSTEMPATH\Database\BaseConnection.php(738): CodeIgniter\Database\MySQLi\Connection->execute('SELECT `t_trip`.`tripId`, `t_trip`.`carId`, `t_trip`.`driverId`, `t_trip`.`startTime`, `t_trip`.`estimatedEndTime`, `t_trip`.`actualEndTime`, `t_trip`.`status`, `t_trip`.`active`, `t_trip`.`lastUpdate`, `t_step`.`stepId`, `t_step`.`latitude`, `t_step`.`longitude`, `t_step`.`polyline`, `t_step`.`ordinal`, `t_trip`.*, `t_stepId`
FROM `t_trip`
JOIN `t_step` ON `t_step`.`tripId` = `t_trip`.`tripId`
WHERE `active` = 1')
 2 SYSTEMPATH\Database\BaseConnection.php(652): CodeIgniter\Database\BaseConnection->simpleQuery('SELECT `t_trip`.`tripId`, `t_trip`.`carId`, `t_trip`.`driverId`, `t_trip`.`startTime`, `t_trip`.`estimatedEndTime`, `t_trip`.`actualEndTime`, `t_trip`.`status`, `t_trip`.`active`, `t_trip`.`lastUpdate`, `t_step`.`stepId`, `t_step`.`latitude`, `t_step`.`longitude`, `t_step`.`polyline`, `t_step`.`ordinal`, `t_trip`.*, `t_stepId`
FROM `t_trip`
JOIN `t_step` ON `t_step`.`tripId` = `t_trip`.`tripId`
WHERE `active` = 1')
 3 SYSTEMPATH\Database\BaseBuilder.php(1649): CodeIgniter\Database\BaseConnection->query('SELECT `t_trip`.`tripId`, `t_trip`.`carId`, `t_trip`.`driverId`, `t_trip`.`startTime`, `t_trip`.`estimatedEndTime`, `t_trip`.`actualEndTime`, `t_trip`.`status`, `t_trip`.`active`, `t_trip`.`lastUpdate`, `t_step`.`stepId`, `t_step`.`latitude`, `t_step`.`longitude`, `t_step`.`polyline`, `t_step`.`ordinal`, `t_trip`.*, `t_stepId`
FROM `t_trip`
JOIN `t_step` ON `t_step`.`tripId` = `t_trip`.`tripId`
WHERE `active` = :active:', [...], false)
 4 APPPATH\Controllers\Trip.php(20): CodeIgniter\Database\BaseBuilder->get()
 5 SYSTEMPATH\CodeIgniter.php(933): App\Controllers\Trip->index()
 6 SYSTEMPATH\CodeIgniter.php(507): CodeIgniter\CodeIgniter->runController(Object(App\Controllers\Trip))
 7 SYSTEMPATH\CodeIgniter.php(354): CodeIgniter\CodeIgniter->handleRequest(null, Object(Config\Cache), false)
 8 SYSTEMPATH\Boot.php(334): CodeIgniter\CodeIgniter->run()
 9 SYSTEMPATH\Boot.php(67): CodeIgniter\Boot::runCodeIgniter(Object(CodeIgniter\CodeIgniter))
10 FCPATH\index.php(56): CodeIgniter\Boot::bootWeb(Object(Config\Paths))
CRITICAL - 2025-05-02 23:33:54 --> [Caused by] mysqli_sql_exception: Unknown column 't_stepId' in 'SELECT'
in SYSTEMPATH\Database\MySQLi\Connection.php on line 327.
 1 SYSTEMPATH\Database\MySQLi\Connection.php(327): mysqli->query('SELECT `t_trip`.`tripId`, `t_trip`.`carId`, `t_trip`.`driverId`, `t_trip`.`startTime`, `t_trip`.`estimatedEndTime`, `t_trip`.`actualEndTime`, `t_trip`.`status`, `t_trip`.`active`, `t_trip`.`lastUpdate`, `t_step`.`stepId`, `t_step`.`latitude`, `t_step`.`longitude`, `t_step`.`polyline`, `t_step`.`ordinal`, `t_trip`.*, `t_stepId`
FROM `t_trip`
JOIN `t_step` ON `t_step`.`tripId` = `t_trip`.`tripId`
WHERE `active` = 1', 0)
 2 SYSTEMPATH\Database\BaseConnection.php(738): CodeIgniter\Database\MySQLi\Connection->execute('SELECT `t_trip`.`tripId`, `t_trip`.`carId`, `t_trip`.`driverId`, `t_trip`.`startTime`, `t_trip`.`estimatedEndTime`, `t_trip`.`actualEndTime`, `t_trip`.`status`, `t_trip`.`active`, `t_trip`.`lastUpdate`, `t_step`.`stepId`, `t_step`.`latitude`, `t_step`.`longitude`, `t_step`.`polyline`, `t_step`.`ordinal`, `t_trip`.*, `t_stepId`
FROM `t_trip`
JOIN `t_step` ON `t_step`.`tripId` = `t_trip`.`tripId`
WHERE `active` = 1')
 3 SYSTEMPATH\Database\BaseConnection.php(652): CodeIgniter\Database\BaseConnection->simpleQuery('SELECT `t_trip`.`tripId`, `t_trip`.`carId`, `t_trip`.`driverId`, `t_trip`.`startTime`, `t_trip`.`estimatedEndTime`, `t_trip`.`actualEndTime`, `t_trip`.`status`, `t_trip`.`active`, `t_trip`.`lastUpdate`, `t_step`.`stepId`, `t_step`.`latitude`, `t_step`.`longitude`, `t_step`.`polyline`, `t_step`.`ordinal`, `t_trip`.*, `t_stepId`
FROM `t_trip`
JOIN `t_step` ON `t_step`.`tripId` = `t_trip`.`tripId`
WHERE `active` = 1')
 4 SYSTEMPATH\Database\BaseBuilder.php(1649): CodeIgniter\Database\BaseConnection->query('SELECT `t_trip`.`tripId`, `t_trip`.`carId`, `t_trip`.`driverId`, `t_trip`.`startTime`, `t_trip`.`estimatedEndTime`, `t_trip`.`actualEndTime`, `t_trip`.`status`, `t_trip`.`active`, `t_trip`.`lastUpdate`, `t_step`.`stepId`, `t_step`.`latitude`, `t_step`.`longitude`, `t_step`.`polyline`, `t_step`.`ordinal`, `t_trip`.*, `t_stepId`
FROM `t_trip`
JOIN `t_step` ON `t_step`.`tripId` = `t_trip`.`tripId`
WHERE `active` = :active:', [...], false)
 5 APPPATH\Controllers\Trip.php(20): CodeIgniter\Database\BaseBuilder->get()
 6 SYSTEMPATH\CodeIgniter.php(933): App\Controllers\Trip->index()
 7 SYSTEMPATH\CodeIgniter.php(507): CodeIgniter\CodeIgniter->runController(Object(App\Controllers\Trip))
 8 SYSTEMPATH\CodeIgniter.php(354): CodeIgniter\CodeIgniter->handleRequest(null, Object(Config\Cache), false)
 9 SYSTEMPATH\Boot.php(334): CodeIgniter\CodeIgniter->run()
10 SYSTEMPATH\Boot.php(67): CodeIgniter\Boot::runCodeIgniter(Object(CodeIgniter\CodeIgniter))
11 FCPATH\index.php(56): CodeIgniter\Boot::bootWeb(Object(Config\Paths))
DEBUG - 2025-05-02 23:35:03 --> Session: Class initialized using 'CodeIgniter\Session\Handlers\FileHandler' driver.
ERROR - 2025-05-02 23:35:03 --> mysqli_sql_exception: Unknown column 't_stepId' in 'SELECT' in C:\Users\loren\Downloads\UniServerZ\www\ci4\system\Database\MySQLi\Connection.php:327
Stack trace:
#0 C:\Users\loren\Downloads\UniServerZ\www\ci4\system\Database\MySQLi\Connection.php(327): mysqli->query('SELECT `t_trip`...', 0)
#1 C:\Users\loren\Downloads\UniServerZ\www\ci4\system\Database\BaseConnection.php(738): CodeIgniter\Database\MySQLi\Connection->execute('SELECT `t_trip`...')
#2 C:\Users\loren\Downloads\UniServerZ\www\ci4\system\Database\BaseConnection.php(652): CodeIgniter\Database\BaseConnection->simpleQuery('SELECT `t_trip`...')
#3 C:\Users\loren\Downloads\UniServerZ\www\ci4\system\Database\BaseBuilder.php(1649): CodeIgniter\Database\BaseConnection->query('SELECT `t_trip`...', Array, false)
#4 C:\Users\loren\Downloads\UniServerZ\www\ci4\app\Controllers\Trip.php(20): CodeIgniter\Database\BaseBuilder->get()
#5 C:\Users\loren\Downloads\UniServerZ\www\ci4\system\CodeIgniter.php(933): App\Controllers\Trip->index()
#6 C:\Users\loren\Downloads\UniServerZ\www\ci4\system\CodeIgniter.php(507): CodeIgniter\CodeIgniter->runController(Object(App\Controllers\Trip))
#7 C:\Users\loren\Downloads\UniServerZ\www\ci4\system\CodeIgniter.php(354): CodeIgniter\CodeIgniter->handleRequest(NULL, Object(Config\Cache), false)
#8 C:\Users\loren\Downloads\UniServerZ\www\ci4\system\Boot.php(334): CodeIgniter\CodeIgniter->run()
#9 C:\Users\loren\Downloads\UniServerZ\www\ci4\system\Boot.php(67): CodeIgniter\Boot::runCodeIgniter(Object(CodeIgniter\CodeIgniter))
#10 C:\Users\loren\Downloads\UniServerZ\www\ci4\public\index.php(56): CodeIgniter\Boot::bootWeb(Object(Config\Paths))
#11 {main}
CRITICAL - 2025-05-02 23:35:03 --> CodeIgniter\Database\Exceptions\DatabaseException: Unknown column 't_stepId' in 'SELECT'
[Method: GET, Route: trip]
in SYSTEMPATH\Database\BaseConnection.php on line 692.
 1 SYSTEMPATH\Database\BaseBuilder.php(1649): CodeIgniter\Database\BaseConnection->query('SELECT `t_trip`.*, `t_stepId`
FROM `t_trip`
JOIN `t_step` ON `t_step`.`tripId` = `t_trip`.`tripId`
WHERE `active` = :active:', [...], false)
 2 APPPATH\Controllers\Trip.php(20): CodeIgniter\Database\BaseBuilder->get()
 3 SYSTEMPATH\CodeIgniter.php(933): App\Controllers\Trip->index()
 4 SYSTEMPATH\CodeIgniter.php(507): CodeIgniter\CodeIgniter->runController(Object(App\Controllers\Trip))
 5 SYSTEMPATH\CodeIgniter.php(354): CodeIgniter\CodeIgniter->handleRequest(null, Object(Config\Cache), false)
 6 SYSTEMPATH\Boot.php(334): CodeIgniter\CodeIgniter->run()
 7 SYSTEMPATH\Boot.php(67): CodeIgniter\Boot::runCodeIgniter(Object(CodeIgniter\CodeIgniter))
 8 FCPATH\index.php(56): CodeIgniter\Boot::bootWeb(Object(Config\Paths))
CRITICAL - 2025-05-02 23:35:03 --> [Caused by] CodeIgniter\Database\Exceptions\DatabaseException: Unknown column 't_stepId' in 'SELECT'
in SYSTEMPATH\Database\MySQLi\Connection.php on line 332.
 1 SYSTEMPATH\Database\BaseConnection.php(738): CodeIgniter\Database\MySQLi\Connection->execute('SELECT `t_trip`.*, `t_stepId`
FROM `t_trip`
JOIN `t_step` ON `t_step`.`tripId` = `t_trip`.`tripId`
WHERE `active` = 1')
 2 SYSTEMPATH\Database\BaseConnection.php(652): CodeIgniter\Database\BaseConnection->simpleQuery('SELECT `t_trip`.*, `t_stepId`
FROM `t_trip`
JOIN `t_step` ON `t_step`.`tripId` = `t_trip`.`tripId`
WHERE `active` = 1')
 3 SYSTEMPATH\Database\BaseBuilder.php(1649): CodeIgniter\Database\BaseConnection->query('SELECT `t_trip`.*, `t_stepId`
FROM `t_trip`
JOIN `t_step` ON `t_step`.`tripId` = `t_trip`.`tripId`
WHERE `active` = :active:', [...], false)
 4 APPPATH\Controllers\Trip.php(20): CodeIgniter\Database\BaseBuilder->get()
 5 SYSTEMPATH\CodeIgniter.php(933): App\Controllers\Trip->index()
 6 SYSTEMPATH\CodeIgniter.php(507): CodeIgniter\CodeIgniter->runController(Object(App\Controllers\Trip))
 7 SYSTEMPATH\CodeIgniter.php(354): CodeIgniter\CodeIgniter->handleRequest(null, Object(Config\Cache), false)
 8 SYSTEMPATH\Boot.php(334): CodeIgniter\CodeIgniter->run()
 9 SYSTEMPATH\Boot.php(67): CodeIgniter\Boot::runCodeIgniter(Object(CodeIgniter\CodeIgniter))
10 FCPATH\index.php(56): CodeIgniter\Boot::bootWeb(Object(Config\Paths))
CRITICAL - 2025-05-02 23:35:03 --> [Caused by] mysqli_sql_exception: Unknown column 't_stepId' in 'SELECT'
in SYSTEMPATH\Database\MySQLi\Connection.php on line 327.
 1 SYSTEMPATH\Database\MySQLi\Connection.php(327): mysqli->query('SELECT `t_trip`.*, `t_stepId`
FROM `t_trip`
JOIN `t_step` ON `t_step`.`tripId` = `t_trip`.`tripId`
WHERE `active` = 1', 0)
 2 SYSTEMPATH\Database\BaseConnection.php(738): CodeIgniter\Database\MySQLi\Connection->execute('SELECT `t_trip`.*, `t_stepId`
FROM `t_trip`
JOIN `t_step` ON `t_step`.`tripId` = `t_trip`.`tripId`
WHERE `active` = 1')
 3 SYSTEMPATH\Database\BaseConnection.php(652): CodeIgniter\Database\BaseConnection->simpleQuery('SELECT `t_trip`.*, `t_stepId`
FROM `t_trip`
JOIN `t_step` ON `t_step`.`tripId` = `t_trip`.`tripId`
WHERE `active` = 1')
 4 SYSTEMPATH\Database\BaseBuilder.php(1649): CodeIgniter\Database\BaseConnection->query('SELECT `t_trip`.*, `t_stepId`
FROM `t_trip`
JOIN `t_step` ON `t_step`.`tripId` = `t_trip`.`tripId`
WHERE `active` = :active:', [...], false)
 5 APPPATH\Controllers\Trip.php(20): CodeIgniter\Database\BaseBuilder->get()
 6 SYSTEMPATH\CodeIgniter.php(933): App\Controllers\Trip->index()
 7 SYSTEMPATH\CodeIgniter.php(507): CodeIgniter\CodeIgniter->runController(Object(App\Controllers\Trip))
 8 SYSTEMPATH\CodeIgniter.php(354): CodeIgniter\CodeIgniter->handleRequest(null, Object(Config\Cache), false)
 9 SYSTEMPATH\Boot.php(334): CodeIgniter\CodeIgniter->run()
10 SYSTEMPATH\Boot.php(67): CodeIgniter\Boot::runCodeIgniter(Object(CodeIgniter\CodeIgniter))
11 FCPATH\index.php(56): CodeIgniter\Boot::bootWeb(Object(Config\Paths))
DEBUG - 2025-05-02 23:35:03 --> Session: Class initialized using 'CodeIgniter\Session\Handlers\FileHandler' driver.
ERROR - 2025-05-02 23:35:03 --> mysqli_sql_exception: Unknown column 't_stepId' in 'SELECT' in C:\Users\loren\Downloads\UniServerZ\www\ci4\system\Database\MySQLi\Connection.php:327
Stack trace:
#0 C:\Users\loren\Downloads\UniServerZ\www\ci4\system\Database\MySQLi\Connection.php(327): mysqli->query('SELECT `t_trip`...', 0)
#1 C:\Users\loren\Downloads\UniServerZ\www\ci4\system\Database\BaseConnection.php(738): CodeIgniter\Database\MySQLi\Connection->execute('SELECT `t_trip`...')
#2 C:\Users\loren\Downloads\UniServerZ\www\ci4\system\Database\BaseConnection.php(652): CodeIgniter\Database\BaseConnection->simpleQuery('SELECT `t_trip`...')
#3 C:\Users\loren\Downloads\UniServerZ\www\ci4\system\Database\BaseBuilder.php(1649): CodeIgniter\Database\BaseConnection->query('SELECT `t_trip`...', Array, false)
#4 C:\Users\loren\Downloads\UniServerZ\www\ci4\app\Controllers\Trip.php(20): CodeIgniter\Database\BaseBuilder->get()
#5 C:\Users\loren\Downloads\UniServerZ\www\ci4\system\CodeIgniter.php(933): App\Controllers\Trip->index()
#6 C:\Users\loren\Downloads\UniServerZ\www\ci4\system\CodeIgniter.php(507): CodeIgniter\CodeIgniter->runController(Object(App\Controllers\Trip))
#7 C:\Users\loren\Downloads\UniServerZ\www\ci4\system\CodeIgniter.php(354): CodeIgniter\CodeIgniter->handleRequest(NULL, Object(Config\Cache), false)
#8 C:\Users\loren\Downloads\UniServerZ\www\ci4\system\Boot.php(334): CodeIgniter\CodeIgniter->run()
#9 C:\Users\loren\Downloads\UniServerZ\www\ci4\system\Boot.php(67): CodeIgniter\Boot::runCodeIgniter(Object(CodeIgniter\CodeIgniter))
#10 C:\Users\loren\Downloads\UniServerZ\www\ci4\public\index.php(56): CodeIgniter\Boot::bootWeb(Object(Config\Paths))
#11 {main}
CRITICAL - 2025-05-02 23:35:03 --> CodeIgniter\Database\Exceptions\DatabaseException: Unknown column 't_stepId' in 'SELECT'
[Method: GET, Route: trip]
in SYSTEMPATH\Database\BaseConnection.php on line 692.
 1 SYSTEMPATH\Database\BaseBuilder.php(1649): CodeIgniter\Database\BaseConnection->query('SELECT `t_trip`.*, `t_stepId`
FROM `t_trip`
JOIN `t_step` ON `t_step`.`tripId` = `t_trip`.`tripId`
WHERE `active` = :active:', [...], false)
 2 APPPATH\Controllers\Trip.php(20): CodeIgniter\Database\BaseBuilder->get()
 3 SYSTEMPATH\CodeIgniter.php(933): App\Controllers\Trip->index()
 4 SYSTEMPATH\CodeIgniter.php(507): CodeIgniter\CodeIgniter->runController(Object(App\Controllers\Trip))
 5 SYSTEMPATH\CodeIgniter.php(354): CodeIgniter\CodeIgniter->handleRequest(null, Object(Config\Cache), false)
 6 SYSTEMPATH\Boot.php(334): CodeIgniter\CodeIgniter->run()
 7 SYSTEMPATH\Boot.php(67): CodeIgniter\Boot::runCodeIgniter(Object(CodeIgniter\CodeIgniter))
 8 FCPATH\index.php(56): CodeIgniter\Boot::bootWeb(Object(Config\Paths))
CRITICAL - 2025-05-02 23:35:03 --> [Caused by] CodeIgniter\Database\Exceptions\DatabaseException: Unknown column 't_stepId' in 'SELECT'
in SYSTEMPATH\Database\MySQLi\Connection.php on line 332.
 1 SYSTEMPATH\Database\BaseConnection.php(738): CodeIgniter\Database\MySQLi\Connection->execute('SELECT `t_trip`.*, `t_stepId`
FROM `t_trip`
JOIN `t_step` ON `t_step`.`tripId` = `t_trip`.`tripId`
WHERE `active` = 1')
 2 SYSTEMPATH\Database\BaseConnection.php(652): CodeIgniter\Database\BaseConnection->simpleQuery('SELECT `t_trip`.*, `t_stepId`
FROM `t_trip`
JOIN `t_step` ON `t_step`.`tripId` = `t_trip`.`tripId`
WHERE `active` = 1')
 3 SYSTEMPATH\Database\BaseBuilder.php(1649): CodeIgniter\Database\BaseConnection->query('SELECT `t_trip`.*, `t_stepId`
FROM `t_trip`
JOIN `t_step` ON `t_step`.`tripId` = `t_trip`.`tripId`
WHERE `active` = :active:', [...], false)
 4 APPPATH\Controllers\Trip.php(20): CodeIgniter\Database\BaseBuilder->get()
 5 SYSTEMPATH\CodeIgniter.php(933): App\Controllers\Trip->index()
 6 SYSTEMPATH\CodeIgniter.php(507): CodeIgniter\CodeIgniter->runController(Object(App\Controllers\Trip))
 7 SYSTEMPATH\CodeIgniter.php(354): CodeIgniter\CodeIgniter->handleRequest(null, Object(Config\Cache), false)
 8 SYSTEMPATH\Boot.php(334): CodeIgniter\CodeIgniter->run()
 9 SYSTEMPATH\Boot.php(67): CodeIgniter\Boot::runCodeIgniter(Object(CodeIgniter\CodeIgniter))
10 FCPATH\index.php(56): CodeIgniter\Boot::bootWeb(Object(Config\Paths))
CRITICAL - 2025-05-02 23:35:03 --> [Caused by] mysqli_sql_exception: Unknown column 't_stepId' in 'SELECT'
in SYSTEMPATH\Database\MySQLi\Connection.php on line 327.
 1 SYSTEMPATH\Database\MySQLi\Connection.php(327): mysqli->query('SELECT `t_trip`.*, `t_stepId`
FROM `t_trip`
JOIN `t_step` ON `t_step`.`tripId` = `t_trip`.`tripId`
WHERE `active` = 1', 0)
 2 SYSTEMPATH\Database\BaseConnection.php(738): CodeIgniter\Database\MySQLi\Connection->execute('SELECT `t_trip`.*, `t_stepId`
FROM `t_trip`
JOIN `t_step` ON `t_step`.`tripId` = `t_trip`.`tripId`
WHERE `active` = 1')
 3 SYSTEMPATH\Database\BaseConnection.php(652): CodeIgniter\Database\BaseConnection->simpleQuery('SELECT `t_trip`.*, `t_stepId`
FROM `t_trip`
JOIN `t_step` ON `t_step`.`tripId` = `t_trip`.`tripId`
WHERE `active` = 1')
 4 SYSTEMPATH\Database\BaseBuilder.php(1649): CodeIgniter\Database\BaseConnection->query('SELECT `t_trip`.*, `t_stepId`
FROM `t_trip`
JOIN `t_step` ON `t_step`.`tripId` = `t_trip`.`tripId`
WHERE `active` = :active:', [...], false)
 5 APPPATH\Controllers\Trip.php(20): CodeIgniter\Database\BaseBuilder->get()
 6 SYSTEMPATH\CodeIgniter.php(933): App\Controllers\Trip->index()
 7 SYSTEMPATH\CodeIgniter.php(507): CodeIgniter\CodeIgniter->runController(Object(App\Controllers\Trip))
 8 SYSTEMPATH\CodeIgniter.php(354): CodeIgniter\CodeIgniter->handleRequest(null, Object(Config\Cache), false)
 9 SYSTEMPATH\Boot.php(334): CodeIgniter\CodeIgniter->run()
10 SYSTEMPATH\Boot.php(67): CodeIgniter\Boot::runCodeIgniter(Object(CodeIgniter\CodeIgniter))
11 FCPATH\index.php(56): CodeIgniter\Boot::bootWeb(Object(Config\Paths))
DEBUG - 2025-05-02 23:35:03 --> Session: Class initialized using 'CodeIgniter\Session\Handlers\FileHandler' driver.
ERROR - 2025-05-02 23:35:04 --> mysqli_sql_exception: Unknown column 't_stepId' in 'SELECT' in C:\Users\loren\Downloads\UniServerZ\www\ci4\system\Database\MySQLi\Connection.php:327
Stack trace:
#0 C:\Users\loren\Downloads\UniServerZ\www\ci4\system\Database\MySQLi\Connection.php(327): mysqli->query('SELECT `t_trip`...', 0)
#1 C:\Users\loren\Downloads\UniServerZ\www\ci4\system\Database\BaseConnection.php(738): CodeIgniter\Database\MySQLi\Connection->execute('SELECT `t_trip`...')
#2 C:\Users\loren\Downloads\UniServerZ\www\ci4\system\Database\BaseConnection.php(652): CodeIgniter\Database\BaseConnection->simpleQuery('SELECT `t_trip`...')
#3 C:\Users\loren\Downloads\UniServerZ\www\ci4\system\Database\BaseBuilder.php(1649): CodeIgniter\Database\BaseConnection->query('SELECT `t_trip`...', Array, false)
#4 C:\Users\loren\Downloads\UniServerZ\www\ci4\app\Controllers\Trip.php(20): CodeIgniter\Database\BaseBuilder->get()
#5 C:\Users\loren\Downloads\UniServerZ\www\ci4\system\CodeIgniter.php(933): App\Controllers\Trip->index()
#6 C:\Users\loren\Downloads\UniServerZ\www\ci4\system\CodeIgniter.php(507): CodeIgniter\CodeIgniter->runController(Object(App\Controllers\Trip))
#7 C:\Users\loren\Downloads\UniServerZ\www\ci4\system\CodeIgniter.php(354): CodeIgniter\CodeIgniter->handleRequest(NULL, Object(Config\Cache), false)
#8 C:\Users\loren\Downloads\UniServerZ\www\ci4\system\Boot.php(334): CodeIgniter\CodeIgniter->run()
#9 C:\Users\loren\Downloads\UniServerZ\www\ci4\system\Boot.php(67): CodeIgniter\Boot::runCodeIgniter(Object(CodeIgniter\CodeIgniter))
#10 C:\Users\loren\Downloads\UniServerZ\www\ci4\public\index.php(56): CodeIgniter\Boot::bootWeb(Object(Config\Paths))
#11 {main}
CRITICAL - 2025-05-02 23:35:04 --> CodeIgniter\Database\Exceptions\DatabaseException: Unknown column 't_stepId' in 'SELECT'
[Method: GET, Route: trip]
in SYSTEMPATH\Database\BaseConnection.php on line 692.
 1 SYSTEMPATH\Database\BaseBuilder.php(1649): CodeIgniter\Database\BaseConnection->query('SELECT `t_trip`.*, `t_stepId`
FROM `t_trip`
JOIN `t_step` ON `t_step`.`tripId` = `t_trip`.`tripId`
WHERE `active` = :active:', [...], false)
 2 APPPATH\Controllers\Trip.php(20): CodeIgniter\Database\BaseBuilder->get()
 3 SYSTEMPATH\CodeIgniter.php(933): App\Controllers\Trip->index()
 4 SYSTEMPATH\CodeIgniter.php(507): CodeIgniter\CodeIgniter->runController(Object(App\Controllers\Trip))
 5 SYSTEMPATH\CodeIgniter.php(354): CodeIgniter\CodeIgniter->handleRequest(null, Object(Config\Cache), false)
 6 SYSTEMPATH\Boot.php(334): CodeIgniter\CodeIgniter->run()
 7 SYSTEMPATH\Boot.php(67): CodeIgniter\Boot::runCodeIgniter(Object(CodeIgniter\CodeIgniter))
 8 FCPATH\index.php(56): CodeIgniter\Boot::bootWeb(Object(Config\Paths))
CRITICAL - 2025-05-02 23:35:04 --> [Caused by] CodeIgniter\Database\Exceptions\DatabaseException: Unknown column 't_stepId' in 'SELECT'
in SYSTEMPATH\Database\MySQLi\Connection.php on line 332.
 1 SYSTEMPATH\Database\BaseConnection.php(738): CodeIgniter\Database\MySQLi\Connection->execute('SELECT `t_trip`.*, `t_stepId`
FROM `t_trip`
JOIN `t_step` ON `t_step`.`tripId` = `t_trip`.`tripId`
WHERE `active` = 1')
 2 SYSTEMPATH\Database\BaseConnection.php(652): CodeIgniter\Database\BaseConnection->simpleQuery('SELECT `t_trip`.*, `t_stepId`
FROM `t_trip`
JOIN `t_step` ON `t_step`.`tripId` = `t_trip`.`tripId`
WHERE `active` = 1')
 3 SYSTEMPATH\Database\BaseBuilder.php(1649): CodeIgniter\Database\BaseConnection->query('SELECT `t_trip`.*, `t_stepId`
FROM `t_trip`
JOIN `t_step` ON `t_step`.`tripId` = `t_trip`.`tripId`
WHERE `active` = :active:', [...], false)
 4 APPPATH\Controllers\Trip.php(20): CodeIgniter\Database\BaseBuilder->get()
 5 SYSTEMPATH\CodeIgniter.php(933): App\Controllers\Trip->index()
 6 SYSTEMPATH\CodeIgniter.php(507): CodeIgniter\CodeIgniter->runController(Object(App\Controllers\Trip))
 7 SYSTEMPATH\CodeIgniter.php(354): CodeIgniter\CodeIgniter->handleRequest(null, Object(Config\Cache), false)
 8 SYSTEMPATH\Boot.php(334): CodeIgniter\CodeIgniter->run()
 9 SYSTEMPATH\Boot.php(67): CodeIgniter\Boot::runCodeIgniter(Object(CodeIgniter\CodeIgniter))
10 FCPATH\index.php(56): CodeIgniter\Boot::bootWeb(Object(Config\Paths))
CRITICAL - 2025-05-02 23:35:04 --> [Caused by] mysqli_sql_exception: Unknown column 't_stepId' in 'SELECT'
in SYSTEMPATH\Database\MySQLi\Connection.php on line 327.
 1 SYSTEMPATH\Database\MySQLi\Connection.php(327): mysqli->query('SELECT `t_trip`.*, `t_stepId`
FROM `t_trip`
JOIN `t_step` ON `t_step`.`tripId` = `t_trip`.`tripId`
WHERE `active` = 1', 0)
 2 SYSTEMPATH\Database\BaseConnection.php(738): CodeIgniter\Database\MySQLi\Connection->execute('SELECT `t_trip`.*, `t_stepId`
FROM `t_trip`
JOIN `t_step` ON `t_step`.`tripId` = `t_trip`.`tripId`
WHERE `active` = 1')
 3 SYSTEMPATH\Database\BaseConnection.php(652): CodeIgniter\Database\BaseConnection->simpleQuery('SELECT `t_trip`.*, `t_stepId`
FROM `t_trip`
JOIN `t_step` ON `t_step`.`tripId` = `t_trip`.`tripId`
WHERE `active` = 1')
 4 SYSTEMPATH\Database\BaseBuilder.php(1649): CodeIgniter\Database\BaseConnection->query('SELECT `t_trip`.*, `t_stepId`
FROM `t_trip`
JOIN `t_step` ON `t_step`.`tripId` = `t_trip`.`tripId`
WHERE `active` = :active:', [...], false)
 5 APPPATH\Controllers\Trip.php(20): CodeIgniter\Database\BaseBuilder->get()
 6 SYSTEMPATH\CodeIgniter.php(933): App\Controllers\Trip->index()
 7 SYSTEMPATH\CodeIgniter.php(507): CodeIgniter\CodeIgniter->runController(Object(App\Controllers\Trip))
 8 SYSTEMPATH\CodeIgniter.php(354): CodeIgniter\CodeIgniter->handleRequest(null, Object(Config\Cache), false)
 9 SYSTEMPATH\Boot.php(334): CodeIgniter\CodeIgniter->run()
10 SYSTEMPATH\Boot.php(67): CodeIgniter\Boot::runCodeIgniter(Object(CodeIgniter\CodeIgniter))
11 FCPATH\index.php(56): CodeIgniter\Boot::bootWeb(Object(Config\Paths))
DEBUG - 2025-05-02 23:35:11 --> Session: Class initialized using 'CodeIgniter\Session\Handlers\FileHandler' driver.
ERROR - 2025-05-02 23:35:11 --> mysqli_sql_exception: Unknown column 't_stepId' in 'SELECT' in C:\Users\loren\Downloads\UniServerZ\www\ci4\system\Database\MySQLi\Connection.php:327
Stack trace:
#0 C:\Users\loren\Downloads\UniServerZ\www\ci4\system\Database\MySQLi\Connection.php(327): mysqli->query('SELECT `t_trip`...', 0)
#1 C:\Users\loren\Downloads\UniServerZ\www\ci4\system\Database\BaseConnection.php(738): CodeIgniter\Database\MySQLi\Connection->execute('SELECT `t_trip`...')
#2 C:\Users\loren\Downloads\UniServerZ\www\ci4\system\Database\BaseConnection.php(652): CodeIgniter\Database\BaseConnection->simpleQuery('SELECT `t_trip`...')
#3 C:\Users\loren\Downloads\UniServerZ\www\ci4\system\Database\BaseBuilder.php(1649): CodeIgniter\Database\BaseConnection->query('SELECT `t_trip`...', Array, false)
#4 C:\Users\loren\Downloads\UniServerZ\www\ci4\app\Controllers\Trip.php(20): CodeIgniter\Database\BaseBuilder->get()
#5 C:\Users\loren\Downloads\UniServerZ\www\ci4\system\CodeIgniter.php(933): App\Controllers\Trip->index()
#6 C:\Users\loren\Downloads\UniServerZ\www\ci4\system\CodeIgniter.php(507): CodeIgniter\CodeIgniter->runController(Object(App\Controllers\Trip))
#7 C:\Users\loren\Downloads\UniServerZ\www\ci4\system\CodeIgniter.php(354): CodeIgniter\CodeIgniter->handleRequest(NULL, Object(Config\Cache), false)
#8 C:\Users\loren\Downloads\UniServerZ\www\ci4\system\Boot.php(334): CodeIgniter\CodeIgniter->run()
#9 C:\Users\loren\Downloads\UniServerZ\www\ci4\system\Boot.php(67): CodeIgniter\Boot::runCodeIgniter(Object(CodeIgniter\CodeIgniter))
#10 C:\Users\loren\Downloads\UniServerZ\www\ci4\public\index.php(56): CodeIgniter\Boot::bootWeb(Object(Config\Paths))
#11 {main}
CRITICAL - 2025-05-02 23:35:11 --> CodeIgniter\Database\Exceptions\DatabaseException: Unknown column 't_stepId' in 'SELECT'
[Method: GET, Route: trip]
in SYSTEMPATH\Database\BaseConnection.php on line 692.
 1 SYSTEMPATH\Database\BaseBuilder.php(1649): CodeIgniter\Database\BaseConnection->query('SELECT `t_trip`.*, `t_stepId`
FROM `t_trip`
JOIN `t_step` ON `t_step`.`tripId` = `t_trip`.`tripId`
WHERE `active` = :active:', [...], false)
 2 APPPATH\Controllers\Trip.php(20): CodeIgniter\Database\BaseBuilder->get()
 3 SYSTEMPATH\CodeIgniter.php(933): App\Controllers\Trip->index()
 4 SYSTEMPATH\CodeIgniter.php(507): CodeIgniter\CodeIgniter->runController(Object(App\Controllers\Trip))
 5 SYSTEMPATH\CodeIgniter.php(354): CodeIgniter\CodeIgniter->handleRequest(null, Object(Config\Cache), false)
 6 SYSTEMPATH\Boot.php(334): CodeIgniter\CodeIgniter->run()
 7 SYSTEMPATH\Boot.php(67): CodeIgniter\Boot::runCodeIgniter(Object(CodeIgniter\CodeIgniter))
 8 FCPATH\index.php(56): CodeIgniter\Boot::bootWeb(Object(Config\Paths))
CRITICAL - 2025-05-02 23:35:11 --> [Caused by] CodeIgniter\Database\Exceptions\DatabaseException: Unknown column 't_stepId' in 'SELECT'
in SYSTEMPATH\Database\MySQLi\Connection.php on line 332.
 1 SYSTEMPATH\Database\BaseConnection.php(738): CodeIgniter\Database\MySQLi\Connection->execute('SELECT `t_trip`.*, `t_stepId`
FROM `t_trip`
JOIN `t_step` ON `t_step`.`tripId` = `t_trip`.`tripId`
WHERE `active` = 1')
 2 SYSTEMPATH\Database\BaseConnection.php(652): CodeIgniter\Database\BaseConnection->simpleQuery('SELECT `t_trip`.*, `t_stepId`
FROM `t_trip`
JOIN `t_step` ON `t_step`.`tripId` = `t_trip`.`tripId`
WHERE `active` = 1')
 3 SYSTEMPATH\Database\BaseBuilder.php(1649): CodeIgniter\Database\BaseConnection->query('SELECT `t_trip`.*, `t_stepId`
FROM `t_trip`
JOIN `t_step` ON `t_step`.`tripId` = `t_trip`.`tripId`
WHERE `active` = :active:', [...], false)
 4 APPPATH\Controllers\Trip.php(20): CodeIgniter\Database\BaseBuilder->get()
 5 SYSTEMPATH\CodeIgniter.php(933): App\Controllers\Trip->index()
 6 SYSTEMPATH\CodeIgniter.php(507): CodeIgniter\CodeIgniter->runController(Object(App\Controllers\Trip))
 7 SYSTEMPATH\CodeIgniter.php(354): CodeIgniter\CodeIgniter->handleRequest(null, Object(Config\Cache), false)
 8 SYSTEMPATH\Boot.php(334): CodeIgniter\CodeIgniter->run()
 9 SYSTEMPATH\Boot.php(67): CodeIgniter\Boot::runCodeIgniter(Object(CodeIgniter\CodeIgniter))
10 FCPATH\index.php(56): CodeIgniter\Boot::bootWeb(Object(Config\Paths))
CRITICAL - 2025-05-02 23:35:11 --> [Caused by] mysqli_sql_exception: Unknown column 't_stepId' in 'SELECT'
in SYSTEMPATH\Database\MySQLi\Connection.php on line 327.
 1 SYSTEMPATH\Database\MySQLi\Connection.php(327): mysqli->query('SELECT `t_trip`.*, `t_stepId`
FROM `t_trip`
JOIN `t_step` ON `t_step`.`tripId` = `t_trip`.`tripId`
WHERE `active` = 1', 0)
 2 SYSTEMPATH\Database\BaseConnection.php(738): CodeIgniter\Database\MySQLi\Connection->execute('SELECT `t_trip`.*, `t_stepId`
FROM `t_trip`
JOIN `t_step` ON `t_step`.`tripId` = `t_trip`.`tripId`
WHERE `active` = 1')
 3 SYSTEMPATH\Database\BaseConnection.php(652): CodeIgniter\Database\BaseConnection->simpleQuery('SELECT `t_trip`.*, `t_stepId`
FROM `t_trip`
JOIN `t_step` ON `t_step`.`tripId` = `t_trip`.`tripId`
WHERE `active` = 1')
 4 SYSTEMPATH\Database\BaseBuilder.php(1649): CodeIgniter\Database\BaseConnection->query('SELECT `t_trip`.*, `t_stepId`
FROM `t_trip`
JOIN `t_step` ON `t_step`.`tripId` = `t_trip`.`tripId`
WHERE `active` = :active:', [...], false)
 5 APPPATH\Controllers\Trip.php(20): CodeIgniter\Database\BaseBuilder->get()
 6 SYSTEMPATH\CodeIgniter.php(933): App\Controllers\Trip->index()
 7 SYSTEMPATH\CodeIgniter.php(507): CodeIgniter\CodeIgniter->runController(Object(App\Controllers\Trip))
 8 SYSTEMPATH\CodeIgniter.php(354): CodeIgniter\CodeIgniter->handleRequest(null, Object(Config\Cache), false)
 9 SYSTEMPATH\Boot.php(334): CodeIgniter\CodeIgniter->run()
10 SYSTEMPATH\Boot.php(67): CodeIgniter\Boot::runCodeIgniter(Object(CodeIgniter\CodeIgniter))
11 FCPATH\index.php(56): CodeIgniter\Boot::bootWeb(Object(Config\Paths))
DEBUG - 2025-05-02 23:35:42 --> Session: Class initialized using 'CodeIgniter\Session\Handlers\FileHandler' driver.
ERROR - 2025-05-02 23:35:42 --> mysqli_sql_exception: Column 'active' in WHERE is ambiguous in C:\Users\loren\Downloads\UniServerZ\www\ci4\system\Database\MySQLi\Connection.php:327
Stack trace:
#0 C:\Users\loren\Downloads\UniServerZ\www\ci4\system\Database\MySQLi\Connection.php(327): mysqli->query('SELECT `t_trip`...', 0)
#1 C:\Users\loren\Downloads\UniServerZ\www\ci4\system\Database\BaseConnection.php(738): CodeIgniter\Database\MySQLi\Connection->execute('SELECT `t_trip`...')
#2 C:\Users\loren\Downloads\UniServerZ\www\ci4\system\Database\BaseConnection.php(652): CodeIgniter\Database\BaseConnection->simpleQuery('SELECT `t_trip`...')
#3 C:\Users\loren\Downloads\UniServerZ\www\ci4\system\Database\BaseBuilder.php(1649): CodeIgniter\Database\BaseConnection->query('SELECT `t_trip`...', Array, false)
#4 C:\Users\loren\Downloads\UniServerZ\www\ci4\app\Controllers\Trip.php(20): CodeIgniter\Database\BaseBuilder->get()
#5 C:\Users\loren\Downloads\UniServerZ\www\ci4\system\CodeIgniter.php(933): App\Controllers\Trip->index()
#6 C:\Users\loren\Downloads\UniServerZ\www\ci4\system\CodeIgniter.php(507): CodeIgniter\CodeIgniter->runController(Object(App\Controllers\Trip))
#7 C:\Users\loren\Downloads\UniServerZ\www\ci4\system\CodeIgniter.php(354): CodeIgniter\CodeIgniter->handleRequest(NULL, Object(Config\Cache), false)
#8 C:\Users\loren\Downloads\UniServerZ\www\ci4\system\Boot.php(334): CodeIgniter\CodeIgniter->run()
#9 C:\Users\loren\Downloads\UniServerZ\www\ci4\system\Boot.php(67): CodeIgniter\Boot::runCodeIgniter(Object(CodeIgniter\CodeIgniter))
#10 C:\Users\loren\Downloads\UniServerZ\www\ci4\public\index.php(56): CodeIgniter\Boot::bootWeb(Object(Config\Paths))
#11 {main}
CRITICAL - 2025-05-02 23:35:42 --> CodeIgniter\Database\Exceptions\DatabaseException: Column 'active' in WHERE is ambiguous
[Method: GET, Route: trip]
in SYSTEMPATH\Database\BaseConnection.php on line 692.
 1 SYSTEMPATH\Database\BaseBuilder.php(1649): CodeIgniter\Database\BaseConnection->query('SELECT `t_trip`.*, `stepId`
FROM `t_trip`
JOIN `t_step` ON `t_step`.`tripId` = `t_trip`.`tripId`
WHERE `active` = :active:', [...], false)
 2 APPPATH\Controllers\Trip.php(20): CodeIgniter\Database\BaseBuilder->get()
 3 SYSTEMPATH\CodeIgniter.php(933): App\Controllers\Trip->index()
 4 SYSTEMPATH\CodeIgniter.php(507): CodeIgniter\CodeIgniter->runController(Object(App\Controllers\Trip))
 5 SYSTEMPATH\CodeIgniter.php(354): CodeIgniter\CodeIgniter->handleRequest(null, Object(Config\Cache), false)
 6 SYSTEMPATH\Boot.php(334): CodeIgniter\CodeIgniter->run()
 7 SYSTEMPATH\Boot.php(67): CodeIgniter\Boot::runCodeIgniter(Object(CodeIgniter\CodeIgniter))
 8 FCPATH\index.php(56): CodeIgniter\Boot::bootWeb(Object(Config\Paths))
CRITICAL - 2025-05-02 23:35:42 --> [Caused by] CodeIgniter\Database\Exceptions\DatabaseException: Column 'active' in WHERE is ambiguous
in SYSTEMPATH\Database\MySQLi\Connection.php on line 332.
 1 SYSTEMPATH\Database\BaseConnection.php(738): CodeIgniter\Database\MySQLi\Connection->execute('SELECT `t_trip`.*, `stepId`
FROM `t_trip`
JOIN `t_step` ON `t_step`.`tripId` = `t_trip`.`tripId`
WHERE `active` = 1')
 2 SYSTEMPATH\Database\BaseConnection.php(652): CodeIgniter\Database\BaseConnection->simpleQuery('SELECT `t_trip`.*, `stepId`
FROM `t_trip`
JOIN `t_step` ON `t_step`.`tripId` = `t_trip`.`tripId`
WHERE `active` = 1')
 3 SYSTEMPATH\Database\BaseBuilder.php(1649): CodeIgniter\Database\BaseConnection->query('SELECT `t_trip`.*, `stepId`
FROM `t_trip`
JOIN `t_step` ON `t_step`.`tripId` = `t_trip`.`tripId`
WHERE `active` = :active:', [...], false)
 4 APPPATH\Controllers\Trip.php(20): CodeIgniter\Database\BaseBuilder->get()
 5 SYSTEMPATH\CodeIgniter.php(933): App\Controllers\Trip->index()
 6 SYSTEMPATH\CodeIgniter.php(507): CodeIgniter\CodeIgniter->runController(Object(App\Controllers\Trip))
 7 SYSTEMPATH\CodeIgniter.php(354): CodeIgniter\CodeIgniter->handleRequest(null, Object(Config\Cache), false)
 8 SYSTEMPATH\Boot.php(334): CodeIgniter\CodeIgniter->run()
 9 SYSTEMPATH\Boot.php(67): CodeIgniter\Boot::runCodeIgniter(Object(CodeIgniter\CodeIgniter))
10 FCPATH\index.php(56): CodeIgniter\Boot::bootWeb(Object(Config\Paths))
CRITICAL - 2025-05-02 23:35:42 --> [Caused by] mysqli_sql_exception: Column 'active' in WHERE is ambiguous
in SYSTEMPATH\Database\MySQLi\Connection.php on line 327.
 1 SYSTEMPATH\Database\MySQLi\Connection.php(327): mysqli->query('SELECT `t_trip`.*, `stepId`
FROM `t_trip`
JOIN `t_step` ON `t_step`.`tripId` = `t_trip`.`tripId`
WHERE `active` = 1', 0)
 2 SYSTEMPATH\Database\BaseConnection.php(738): CodeIgniter\Database\MySQLi\Connection->execute('SELECT `t_trip`.*, `stepId`
FROM `t_trip`
JOIN `t_step` ON `t_step`.`tripId` = `t_trip`.`tripId`
WHERE `active` = 1')
 3 SYSTEMPATH\Database\BaseConnection.php(652): CodeIgniter\Database\BaseConnection->simpleQuery('SELECT `t_trip`.*, `stepId`
FROM `t_trip`
JOIN `t_step` ON `t_step`.`tripId` = `t_trip`.`tripId`
WHERE `active` = 1')
 4 SYSTEMPATH\Database\BaseBuilder.php(1649): CodeIgniter\Database\BaseConnection->query('SELECT `t_trip`.*, `stepId`
FROM `t_trip`
JOIN `t_step` ON `t_step`.`tripId` = `t_trip`.`tripId`
WHERE `active` = :active:', [...], false)
 5 APPPATH\Controllers\Trip.php(20): CodeIgniter\Database\BaseBuilder->get()
 6 SYSTEMPATH\CodeIgniter.php(933): App\Controllers\Trip->index()
 7 SYSTEMPATH\CodeIgniter.php(507): CodeIgniter\CodeIgniter->runController(Object(App\Controllers\Trip))
 8 SYSTEMPATH\CodeIgniter.php(354): CodeIgniter\CodeIgniter->handleRequest(null, Object(Config\Cache), false)
 9 SYSTEMPATH\Boot.php(334): CodeIgniter\CodeIgniter->run()
10 SYSTEMPATH\Boot.php(67): CodeIgniter\Boot::runCodeIgniter(Object(CodeIgniter\CodeIgniter))
11 FCPATH\index.php(56): CodeIgniter\Boot::bootWeb(Object(Config\Paths))
DEBUG - 2025-05-02 23:35:58 --> Session: Class initialized using 'CodeIgniter\Session\Handlers\FileHandler' driver.
DEBUG - 2025-05-02 23:36:23 --> Session: Class initialized using 'CodeIgniter\Session\Handlers\FileHandler' driver.
DEBUG - 2025-05-02 23:37:26 --> Session: Class initialized using 'CodeIgniter\Session\Handlers\FileHandler' driver.
DEBUG - 2025-05-02 23:37:37 --> Session: Class initialized using 'CodeIgniter\Session\Handlers\FileHandler' driver.
DEBUG - 2025-05-02 23:37:52 --> Session: Class initialized using 'CodeIgniter\Session\Handlers\FileHandler' driver.
DEBUG - 2025-05-02 23:38:05 --> Session: Class initialized using 'CodeIgniter\Session\Handlers\FileHandler' driver.
DEBUG - 2025-05-02 23:38:36 --> Session: Class initialized using 'CodeIgniter\Session\Handlers\FileHandler' driver.
DEBUG - 2025-05-02 23:38:50 --> Session: Class initialized using 'CodeIgniter\Session\Handlers\FileHandler' driver.
