DEBUG - 2025-04-13 17:09:21 --> Session: Class initialized using 'CodeIgniter\Session\Handlers\FileHandler' driver.
DEBUG - 2025-04-13 17:09:25 --> Session: Class initialized using 'CodeIgniter\Session\Handlers\FileHandler' driver.
CRITICAL - 2025-04-13 17:09:25 --> Error: Call to a member function read() on null
[Method: POST, Route: login/auth]
in APPPATH\Controllers\Login.php on line 55.
 1 SYSTEMPATH\CodeIgniter.php(933): App\Controllers\Login->auth()
 2 SYSTEMPATH\CodeIgniter.php(507): CodeIgniter\CodeIgniter->runController(Object(App\Controllers\Login))
 3 SYSTEMPATH\CodeIgniter.php(354): CodeIgniter\CodeIgniter->handleRequest(null, Object(Config\Cache), false)
 4 SYSTEMPATH\Boot.php(334): CodeIgniter\CodeIgniter->run()
 5 SYSTEMPATH\Boot.php(67): CodeIgniter\Boot::runCodeIgniter(Object(CodeIgniter\CodeIgniter))
 6 FCPATH\index.php(56): CodeIgniter\Boot::bootWeb(Object(Config\Paths))
DEBUG - 2025-04-13 17:12:35 --> Session: Class initialized using 'CodeIgniter\Session\Handlers\FileHandler' driver.
CRITICAL - 2025-04-13 17:12:35 --> Error: Call to a member function read() on null
[Method: POST, Route: login/auth]
in APPPATH\Controllers\Login.php on line 55.
 1 SYSTEMPATH\CodeIgniter.php(933): App\Controllers\Login->auth()
 2 SYSTEMPATH\CodeIgniter.php(507): CodeIgniter\CodeIgniter->runController(Object(App\Controllers\Login))
 3 SYSTEMPATH\CodeIgniter.php(354): CodeIgniter\CodeIgniter->handleRequest(null, Object(Config\Cache), false)
 4 SYSTEMPATH\Boot.php(334): CodeIgniter\CodeIgniter->run()
 5 SYSTEMPATH\Boot.php(67): CodeIgniter\Boot::runCodeIgniter(Object(CodeIgniter\CodeIgniter))
 6 FCPATH\index.php(56): CodeIgniter\Boot::bootWeb(Object(Config\Paths))
DEBUG - 2025-04-13 17:12:36 --> Session: Class initialized using 'CodeIgniter\Session\Handlers\FileHandler' driver.
DEBUG - 2025-04-13 17:12:41 --> Session: Class initialized using 'CodeIgniter\Session\Handlers\FileHandler' driver.
CRITICAL - 2025-04-13 17:12:41 --> Error: Call to a member function read() on null
[Method: POST, Route: login/auth]
in APPPATH\Controllers\Login.php on line 55.
 1 SYSTEMPATH\CodeIgniter.php(933): App\Controllers\Login->auth()
 2 SYSTEMPATH\CodeIgniter.php(507): CodeIgniter\CodeIgniter->runController(Object(App\Controllers\Login))
 3 SYSTEMPATH\CodeIgniter.php(354): CodeIgniter\CodeIgniter->handleRequest(null, Object(Config\Cache), false)
 4 SYSTEMPATH\Boot.php(334): CodeIgniter\CodeIgniter->run()
 5 SYSTEMPATH\Boot.php(67): CodeIgniter\Boot::runCodeIgniter(Object(CodeIgniter\CodeIgniter))
 6 FCPATH\index.php(56): CodeIgniter\Boot::bootWeb(Object(Config\Paths))
DEBUG - 2025-04-13 17:15:23 --> Session: Class initialized using 'CodeIgniter\Session\Handlers\FileHandler' driver.
ERROR - 2025-04-13 17:15:23 --> Error connecting to the database: mysqli_sql_exception: Access denied for user 'lollo'@'192.168.155.110' (using password: YES) in H:\RistrutturaDisco\UniServerZ\www\ci4\system\Database\MySQLi\Connection.php:201
Stack trace:
#0 H:\RistrutturaDisco\UniServerZ\www\ci4\system\Database\MySQLi\Connection.php(201): mysqli->real_connect('192.168.155.8', 'lollo', Object(SensitiveParameterValue), 'sharelinks', 3306, '', 0)
#1 H:\RistrutturaDisco\UniServerZ\www\ci4\system\Database\BaseConnection.php(421): CodeIgniter\Database\MySQLi\Connection->connect(false)
#2 H:\RistrutturaDisco\UniServerZ\www\ci4\system\Database\BaseConnection.php(620): CodeIgniter\Database\BaseConnection->initialize()
#3 H:\RistrutturaDisco\UniServerZ\www\ci4\app\Models\Application\Data.php(13): CodeIgniter\Database\BaseConnection->query('SELECT * FROM t...', Array)
#4 H:\RistrutturaDisco\UniServerZ\www\ci4\app\Models\Services\UserService.php(29): App\Models\Application\Data->query('SELECT * FROM t...', Array)
#5 H:\RistrutturaDisco\UniServerZ\www\ci4\app\Controllers\Login.php(55): App\Models\Services\UserService->read(Object(App\Models\Classes\Filters\UserFilter), NULL)
#6 H:\RistrutturaDisco\UniServerZ\www\ci4\system\CodeIgniter.php(933): App\Controllers\Login->auth()
#7 H:\RistrutturaDisco\UniServerZ\www\ci4\system\CodeIgniter.php(507): CodeIgniter\CodeIgniter->runController(Object(App\Controllers\Login))
#8 H:\RistrutturaDisco\UniServerZ\www\ci4\system\CodeIgniter.php(354): CodeIgniter\CodeIgniter->handleRequest(NULL, Object(Config\Cache), false)
#9 H:\RistrutturaDisco\UniServerZ\www\ci4\system\Boot.php(334): CodeIgniter\CodeIgniter->run()
#10 H:\RistrutturaDisco\UniServerZ\www\ci4\system\Boot.php(67): CodeIgniter\Boot::runCodeIgniter(Object(CodeIgniter\CodeIgniter))
#11 H:\RistrutturaDisco\UniServerZ\www\ci4\public\index.php(56): CodeIgniter\Boot::bootWeb(Object(Config\Paths))
#12 {main}

Next CodeIgniter\Database\Exceptions\DatabaseException: Access denied for user '****'@'192.168.155.110' (using password: YES) in H:\RistrutturaDisco\UniServerZ\www\ci4\system\Database\MySQLi\Connection.php:246
Stack trace:
#0 H:\RistrutturaDisco\UniServerZ\www\ci4\system\Database\BaseConnection.php(421): CodeIgniter\Database\MySQLi\Connection->connect(false)
#1 H:\RistrutturaDisco\UniServerZ\www\ci4\system\Database\BaseConnection.php(620): CodeIgniter\Database\BaseConnection->initialize()
#2 H:\RistrutturaDisco\UniServerZ\www\ci4\app\Models\Application\Data.php(13): CodeIgniter\Database\BaseConnection->query('SELECT * FROM t...', Array)
#3 H:\RistrutturaDisco\UniServerZ\www\ci4\app\Models\Services\UserService.php(29): App\Models\Application\Data->query('SELECT * FROM t...', Array)
#4 H:\RistrutturaDisco\UniServerZ\www\ci4\app\Controllers\Login.php(55): App\Models\Services\UserService->read(Object(App\Models\Classes\Filters\UserFilter), NULL)
#5 H:\RistrutturaDisco\UniServerZ\www\ci4\system\CodeIgniter.php(933): App\Controllers\Login->auth()
#6 H:\RistrutturaDisco\UniServerZ\www\ci4\system\CodeIgniter.php(507): CodeIgniter\CodeIgniter->runController(Object(App\Controllers\Login))
#7 H:\RistrutturaDisco\UniServerZ\www\ci4\system\CodeIgniter.php(354): CodeIgniter\CodeIgniter->handleRequest(NULL, Object(Config\Cache), false)
#8 H:\RistrutturaDisco\UniServerZ\www\ci4\system\Boot.php(334): CodeIgniter\CodeIgniter->run()
#9 H:\RistrutturaDisco\UniServerZ\www\ci4\system\Boot.php(67): CodeIgniter\Boot::runCodeIgniter(Object(CodeIgniter\CodeIgniter))
#10 H:\RistrutturaDisco\UniServerZ\www\ci4\public\index.php(56): CodeIgniter\Boot::bootWeb(Object(Config\Paths))
#11 {main}
DEBUG - 2025-04-13 17:15:23 --> Session: Class initialized using 'CodeIgniter\Session\Handlers\FileHandler' driver.
DEBUG - 2025-04-13 17:15:36 --> Session: Class initialized using 'CodeIgniter\Session\Handlers\FileHandler' driver.
DEBUG - 2025-04-13 17:15:36 --> Session: Class initialized using 'CodeIgniter\Session\Handlers\FileHandler' driver.
DEBUG - 2025-04-13 17:15:38 --> Session: Class initialized using 'CodeIgniter\Session\Handlers\FileHandler' driver.
ERROR - 2025-04-13 17:15:38 --> mysqli_sql_exception: Table 'sharelinks.t_driverLicense' doesn't exist in H:\RistrutturaDisco\UniServerZ\www\ci4\system\Database\MySQLi\Connection.php:327
Stack trace:
#0 H:\RistrutturaDisco\UniServerZ\www\ci4\system\Database\MySQLi\Connection.php(327): mysqli->query('SELECT * FROM t...', 0)
#1 H:\RistrutturaDisco\UniServerZ\www\ci4\system\Database\BaseConnection.php(738): CodeIgniter\Database\MySQLi\Connection->execute('SELECT * FROM t...')
#2 H:\RistrutturaDisco\UniServerZ\www\ci4\system\Database\BaseConnection.php(652): CodeIgniter\Database\BaseConnection->simpleQuery('SELECT * FROM t...')
#3 H:\RistrutturaDisco\UniServerZ\www\ci4\app\Models\Application\Data.php(13): CodeIgniter\Database\BaseConnection->query('SELECT * FROM t...', Array)
#4 H:\RistrutturaDisco\UniServerZ\www\ci4\app\Models\Services\DriverLicenseService.php(60): App\Models\Application\Data->query('SELECT * FROM t...', Array)
#5 H:\RistrutturaDisco\UniServerZ\www\ci4\app\Controllers\Driver.php(32): App\Models\Services\DriverLicenseService->get(Object(App\Models\Classes\Filters\DriverLicenseFilter), NULL)
#6 H:\RistrutturaDisco\UniServerZ\www\ci4\system\CodeIgniter.php(933): App\Controllers\Driver->index()
#7 H:\RistrutturaDisco\UniServerZ\www\ci4\system\CodeIgniter.php(507): CodeIgniter\CodeIgniter->runController(Object(App\Controllers\Driver))
#8 H:\RistrutturaDisco\UniServerZ\www\ci4\system\CodeIgniter.php(354): CodeIgniter\CodeIgniter->handleRequest(NULL, Object(Config\Cache), false)
#9 H:\RistrutturaDisco\UniServerZ\www\ci4\system\Boot.php(334): CodeIgniter\CodeIgniter->run()
#10 H:\RistrutturaDisco\UniServerZ\www\ci4\system\Boot.php(67): CodeIgniter\Boot::runCodeIgniter(Object(CodeIgniter\CodeIgniter))
#11 H:\RistrutturaDisco\UniServerZ\www\ci4\public\index.php(56): CodeIgniter\Boot::bootWeb(Object(Config\Paths))
#12 {main}
CRITICAL - 2025-04-13 17:15:38 --> CodeIgniter\Database\Exceptions\DatabaseException: Table 'sharelinks.t_driverLicense' doesn't exist
[Method: GET, Route: driver]
in SYSTEMPATH\Database\BaseConnection.php on line 692.
 1 APPPATH\Models\Application\Data.php(13): CodeIgniter\Database\BaseConnection->query('SELECT * FROM t_driverLicense WHERE 1 = 1 AND driverLicenseId = ? AND active = ? LIMIT 1', [...])
 2 APPPATH\Models\Services\DriverLicenseService.php(60): App\Models\Application\Data->query('SELECT * FROM t_driverLicense WHERE 1 = 1 AND driverLicenseId = ? AND active = ? LIMIT 1', [...])
 3 APPPATH\Controllers\Driver.php(32): App\Models\Services\DriverLicenseService->get(Object(App\Models\Classes\Filters\DriverLicenseFilter), null)
 4 SYSTEMPATH\CodeIgniter.php(933): App\Controllers\Driver->index()
 5 SYSTEMPATH\CodeIgniter.php(507): CodeIgniter\CodeIgniter->runController(Object(App\Controllers\Driver))
 6 SYSTEMPATH\CodeIgniter.php(354): CodeIgniter\CodeIgniter->handleRequest(null, Object(Config\Cache), false)
 7 SYSTEMPATH\Boot.php(334): CodeIgniter\CodeIgniter->run()
 8 SYSTEMPATH\Boot.php(67): CodeIgniter\Boot::runCodeIgniter(Object(CodeIgniter\CodeIgniter))
 9 FCPATH\index.php(56): CodeIgniter\Boot::bootWeb(Object(Config\Paths))
CRITICAL - 2025-04-13 17:15:38 --> [Caused by] CodeIgniter\Database\Exceptions\DatabaseException: Table 'sharelinks.t_driverLicense' doesn't exist
in SYSTEMPATH\Database\MySQLi\Connection.php on line 332.
 1 SYSTEMPATH\Database\BaseConnection.php(738): CodeIgniter\Database\MySQLi\Connection->execute('SELECT * FROM t_driverLicense WHERE 1 = 1 AND driverLicenseId = 1017 AND active = 1 LIMIT 1')
 2 SYSTEMPATH\Database\BaseConnection.php(652): CodeIgniter\Database\BaseConnection->simpleQuery('SELECT * FROM t_driverLicense WHERE 1 = 1 AND driverLicenseId = 1017 AND active = 1 LIMIT 1')
 3 APPPATH\Models\Application\Data.php(13): CodeIgniter\Database\BaseConnection->query('SELECT * FROM t_driverLicense WHERE 1 = 1 AND driverLicenseId = ? AND active = ? LIMIT 1', [...])
 4 APPPATH\Models\Services\DriverLicenseService.php(60): App\Models\Application\Data->query('SELECT * FROM t_driverLicense WHERE 1 = 1 AND driverLicenseId = ? AND active = ? LIMIT 1', [...])
 5 APPPATH\Controllers\Driver.php(32): App\Models\Services\DriverLicenseService->get(Object(App\Models\Classes\Filters\DriverLicenseFilter), null)
 6 SYSTEMPATH\CodeIgniter.php(933): App\Controllers\Driver->index()
 7 SYSTEMPATH\CodeIgniter.php(507): CodeIgniter\CodeIgniter->runController(Object(App\Controllers\Driver))
 8 SYSTEMPATH\CodeIgniter.php(354): CodeIgniter\CodeIgniter->handleRequest(null, Object(Config\Cache), false)
 9 SYSTEMPATH\Boot.php(334): CodeIgniter\CodeIgniter->run()
10 SYSTEMPATH\Boot.php(67): CodeIgniter\Boot::runCodeIgniter(Object(CodeIgniter\CodeIgniter))
11 FCPATH\index.php(56): CodeIgniter\Boot::bootWeb(Object(Config\Paths))
CRITICAL - 2025-04-13 17:15:38 --> [Caused by] mysqli_sql_exception: Table 'sharelinks.t_driverLicense' doesn't exist
in SYSTEMPATH\Database\MySQLi\Connection.php on line 327.
 1 SYSTEMPATH\Database\MySQLi\Connection.php(327): mysqli->query('SELECT * FROM t_driverLicense WHERE 1 = 1 AND driverLicenseId = 1017 AND active = 1 LIMIT 1', 0)
 2 SYSTEMPATH\Database\BaseConnection.php(738): CodeIgniter\Database\MySQLi\Connection->execute('SELECT * FROM t_driverLicense WHERE 1 = 1 AND driverLicenseId = 1017 AND active = 1 LIMIT 1')
 3 SYSTEMPATH\Database\BaseConnection.php(652): CodeIgniter\Database\BaseConnection->simpleQuery('SELECT * FROM t_driverLicense WHERE 1 = 1 AND driverLicenseId = 1017 AND active = 1 LIMIT 1')
 4 APPPATH\Models\Application\Data.php(13): CodeIgniter\Database\BaseConnection->query('SELECT * FROM t_driverLicense WHERE 1 = 1 AND driverLicenseId = ? AND active = ? LIMIT 1', [...])
 5 APPPATH\Models\Services\DriverLicenseService.php(60): App\Models\Application\Data->query('SELECT * FROM t_driverLicense WHERE 1 = 1 AND driverLicenseId = ? AND active = ? LIMIT 1', [...])
 6 APPPATH\Controllers\Driver.php(32): App\Models\Services\DriverLicenseService->get(Object(App\Models\Classes\Filters\DriverLicenseFilter), null)
 7 SYSTEMPATH\CodeIgniter.php(933): App\Controllers\Driver->index()
 8 SYSTEMPATH\CodeIgniter.php(507): CodeIgniter\CodeIgniter->runController(Object(App\Controllers\Driver))
 9 SYSTEMPATH\CodeIgniter.php(354): CodeIgniter\CodeIgniter->handleRequest(null, Object(Config\Cache), false)
10 SYSTEMPATH\Boot.php(334): CodeIgniter\CodeIgniter->run()
11 SYSTEMPATH\Boot.php(67): CodeIgniter\Boot::runCodeIgniter(Object(CodeIgniter\CodeIgniter))
12 FCPATH\index.php(56): CodeIgniter\Boot::bootWeb(Object(Config\Paths))
DEBUG - 2025-04-13 17:16:33 --> Session: Class initialized using 'CodeIgniter\Session\Handlers\FileHandler' driver.
DEBUG - 2025-04-13 17:16:35 --> Session: Class initialized using 'CodeIgniter\Session\Handlers\FileHandler' driver.
DEBUG - 2025-04-13 17:16:36 --> Session: Class initialized using 'CodeIgniter\Session\Handlers\FileHandler' driver.
DEBUG - 2025-04-13 17:16:38 --> Session: Class initialized using 'CodeIgniter\Session\Handlers\FileHandler' driver.
DEBUG - 2025-04-13 17:16:42 --> Session: Class initialized using 'CodeIgniter\Session\Handlers\FileHandler' driver.
ERROR - 2025-04-13 17:16:42 --> mysqli_sql_exception: You have an error in your SQL syntax; check the manual that corresponds to your MariaDB server version for the right syntax to use near '? WHERE 1=1  AND accessId = ? AND active = ?' at line 1 in H:\RistrutturaDisco\UniServerZ\www\ci4\system\Database\MySQLi\Connection.php:327
Stack trace:
#0 H:\RistrutturaDisco\UniServerZ\www\ci4\system\Database\MySQLi\Connection.php(327): mysqli->query('UPDATE t_access...', 0)
#1 H:\RistrutturaDisco\UniServerZ\www\ci4\system\Database\BaseConnection.php(738): CodeIgniter\Database\MySQLi\Connection->execute('UPDATE t_access...')
#2 H:\RistrutturaDisco\UniServerZ\www\ci4\system\Database\BaseConnection.php(652): CodeIgniter\Database\BaseConnection->simpleQuery('UPDATE t_access...')
#3 H:\RistrutturaDisco\UniServerZ\www\ci4\app\Models\Application\Data.php(13): CodeIgniter\Database\BaseConnection->query('UPDATE t_access...', Array)
#4 H:\RistrutturaDisco\UniServerZ\www\ci4\app\Models\Services\AccessesService.php(86): App\Models\Application\Data->query('UPDATE t_access...', Array)
#5 H:\RistrutturaDisco\UniServerZ\www\ci4\app\Models\Services\AccessesService.php(95): App\Models\Services\AccessesService->update(Object(App\Models\Classes\Filters\AccessesFilter), Object(App\Models\Classes\Filters\AccessesFilter))
#6 H:\RistrutturaDisco\UniServerZ\www\ci4\app\Models\ApplicationUtilities.php(88): App\Models\Services\AccessesService->delete(Object(App\Models\Classes\Filters\AccessesFilter))
#7 H:\RistrutturaDisco\UniServerZ\www\ci4\app\Controllers\Homepage.php(237): App\Models\ApplicationUtilities::logout()
#8 H:\RistrutturaDisco\UniServerZ\www\ci4\system\CodeIgniter.php(933): App\Controllers\Homepage->logout()
#9 H:\RistrutturaDisco\UniServerZ\www\ci4\system\CodeIgniter.php(507): CodeIgniter\CodeIgniter->runController(Object(App\Controllers\Homepage))
#10 H:\RistrutturaDisco\UniServerZ\www\ci4\system\CodeIgniter.php(354): CodeIgniter\CodeIgniter->handleRequest(NULL, Object(Config\Cache), false)
#11 H:\RistrutturaDisco\UniServerZ\www\ci4\system\Boot.php(334): CodeIgniter\CodeIgniter->run()
#12 H:\RistrutturaDisco\UniServerZ\www\ci4\system\Boot.php(67): CodeIgniter\Boot::runCodeIgniter(Object(CodeIgniter\CodeIgniter))
#13 H:\RistrutturaDisco\UniServerZ\www\ci4\public\index.php(56): CodeIgniter\Boot::bootWeb(Object(Config\Paths))
#14 {main}
DEBUG - 2025-04-13 17:16:43 --> Session: Class initialized using 'CodeIgniter\Session\Handlers\FileHandler' driver.
DEBUG - 2025-04-13 17:35:37 --> Session: Class initialized using 'CodeIgniter\Session\Handlers\FileHandler' driver.
DEBUG - 2025-04-13 17:35:40 --> Session: Class initialized using 'CodeIgniter\Session\Handlers\FileHandler' driver.
DEBUG - 2025-04-13 17:35:40 --> Session: Class initialized using 'CodeIgniter\Session\Handlers\FileHandler' driver.
DEBUG - 2025-04-13 17:35:42 --> Session: Class initialized using 'CodeIgniter\Session\Handlers\FileHandler' driver.
DEBUG - 2025-04-13 17:35:43 --> Session: Class initialized using 'CodeIgniter\Session\Handlers\FileHandler' driver.
DEBUG - 2025-04-13 17:35:44 --> Session: Class initialized using 'CodeIgniter\Session\Handlers\FileHandler' driver.
DEBUG - 2025-04-13 17:35:47 --> Session: Class initialized using 'CodeIgniter\Session\Handlers\FileHandler' driver.
DEBUG - 2025-04-13 17:35:48 --> Session: Class initialized using 'CodeIgniter\Session\Handlers\FileHandler' driver.
DEBUG - 2025-04-13 17:35:50 --> Session: Class initialized using 'CodeIgniter\Session\Handlers\FileHandler' driver.
DEBUG - 2025-04-13 17:35:50 --> Session: Class initialized using 'CodeIgniter\Session\Handlers\FileHandler' driver.
DEBUG - 2025-04-13 17:35:52 --> Session: Class initialized using 'CodeIgniter\Session\Handlers\FileHandler' driver.
DEBUG - 2025-04-13 17:35:52 --> Session: Class initialized using 'CodeIgniter\Session\Handlers\FileHandler' driver.
DEBUG - 2025-04-13 17:35:57 --> Session: Class initialized using 'CodeIgniter\Session\Handlers\FileHandler' driver.
DEBUG - 2025-04-13 17:35:57 --> Session: Class initialized using 'CodeIgniter\Session\Handlers\FileHandler' driver.
DEBUG - 2025-04-13 17:36:02 --> Session: Class initialized using 'CodeIgniter\Session\Handlers\FileHandler' driver.
DEBUG - 2025-04-13 17:36:03 --> Session: Class initialized using 'CodeIgniter\Session\Handlers\FileHandler' driver.
DEBUG - 2025-04-13 17:36:07 --> Session: Class initialized using 'CodeIgniter\Session\Handlers\FileHandler' driver.
DEBUG - 2025-04-13 17:36:22 --> Session: Class initialized using 'CodeIgniter\Session\Handlers\FileHandler' driver.
DEBUG - 2025-04-13 17:36:22 --> Session: Class initialized using 'CodeIgniter\Session\Handlers\FileHandler' driver.
DEBUG - 2025-04-13 17:36:27 --> Session: Class initialized using 'CodeIgniter\Session\Handlers\FileHandler' driver.
DEBUG - 2025-04-13 17:36:28 --> Session: Class initialized using 'CodeIgniter\Session\Handlers\FileHandler' driver.
DEBUG - 2025-04-13 17:36:29 --> Session: Class initialized using 'CodeIgniter\Session\Handlers\FileHandler' driver.
DEBUG - 2025-04-13 17:45:16 --> Session: Class initialized using 'CodeIgniter\Session\Handlers\FileHandler' driver.
DEBUG - 2025-04-13 21:43:14 --> Session: Class initialized using 'CodeIgniter\Session\Handlers\FileHandler' driver.
DEBUG - 2025-04-13 21:43:26 --> Session: Class initialized using 'CodeIgniter\Session\Handlers\FileHandler' driver.
DEBUG - 2025-04-13 21:43:28 --> Session: Class initialized using 'CodeIgniter\Session\Handlers\FileHandler' driver.
DEBUG - 2025-04-13 21:43:28 --> Session: Class initialized using 'CodeIgniter\Session\Handlers\FileHandler' driver.
DEBUG - 2025-04-13 21:45:09 --> Session: Class initialized using 'CodeIgniter\Session\Handlers\FileHandler' driver.
DEBUG - 2025-04-13 21:45:10 --> Session: Class initialized using 'CodeIgniter\Session\Handlers\FileHandler' driver.
DEBUG - 2025-04-13 21:45:32 --> Session: Class initialized using 'CodeIgniter\Session\Handlers\FileHandler' driver.
DEBUG - 2025-04-13 21:45:32 --> Session: Class initialized using 'CodeIgniter\Session\Handlers\FileHandler' driver.
DEBUG - 2025-04-13 21:46:32 --> Session: Class initialized using 'CodeIgniter\Session\Handlers\FileHandler' driver.
DEBUG - 2025-04-13 21:46:32 --> Session: Class initialized using 'CodeIgniter\Session\Handlers\FileHandler' driver.
DEBUG - 2025-04-13 21:46:51 --> Session: Class initialized using 'CodeIgniter\Session\Handlers\FileHandler' driver.
DEBUG - 2025-04-13 21:46:54 --> Session: Class initialized using 'CodeIgniter\Session\Handlers\FileHandler' driver.
DEBUG - 2025-04-13 21:46:54 --> Session: Class initialized using 'CodeIgniter\Session\Handlers\FileHandler' driver.
DEBUG - 2025-04-13 21:47:04 --> Session: Class initialized using 'CodeIgniter\Session\Handlers\FileHandler' driver.
DEBUG - 2025-04-13 21:47:04 --> Session: Class initialized using 'CodeIgniter\Session\Handlers\FileHandler' driver.
DEBUG - 2025-04-13 21:47:08 --> Session: Class initialized using 'CodeIgniter\Session\Handlers\FileHandler' driver.
DEBUG - 2025-04-13 21:47:08 --> Session: Class initialized using 'CodeIgniter\Session\Handlers\FileHandler' driver.
DEBUG - 2025-04-13 21:47:27 --> Session: Class initialized using 'CodeIgniter\Session\Handlers\FileHandler' driver.
DEBUG - 2025-04-13 21:47:29 --> Session: Class initialized using 'CodeIgniter\Session\Handlers\FileHandler' driver.
DEBUG - 2025-04-13 21:47:29 --> Session: Class initialized using 'CodeIgniter\Session\Handlers\FileHandler' driver.
DEBUG - 2025-04-13 21:54:22 --> Session: Class initialized using 'CodeIgniter\Session\Handlers\FileHandler' driver.
DEBUG - 2025-04-13 21:54:25 --> Session: Class initialized using 'CodeIgniter\Session\Handlers\FileHandler' driver.
DEBUG - 2025-04-13 21:54:25 --> Session: Class initialized using 'CodeIgniter\Session\Handlers\FileHandler' driver.
