DEBUG - 2025-05-01 14:46:18 --> Session: Class initialized using 'CodeIgniter\Session\Handlers\FileHandler' driver.
DEBUG - 2025-05-01 14:46:30 --> Session: Class initialized using 'CodeIgniter\Session\Handlers\FileHandler' driver.
DEBUG - 2025-05-01 14:46:37 --> Session: Class initialized using 'CodeIgniter\Session\Handlers\FileHandler' driver.
DEBUG - 2025-05-01 14:46:39 --> Session: Class initialized using 'CodeIgniter\Session\Handlers\FileHandler' driver.
DEBUG - 2025-05-01 14:46:47 --> Session: Class initialized using 'CodeIgniter\Session\Handlers\FileHandler' driver.
DEBUG - 2025-05-01 14:46:50 --> Session: Class initialized using 'CodeIgniter\Session\Handlers\FileHandler' driver.
DEBUG - 2025-05-01 14:47:05 --> Session: Class initialized using 'CodeIgniter\Session\Handlers\FileHandler' driver.
DEBUG - 2025-05-01 14:47:09 --> Session: Class initialized using 'CodeIgniter\Session\Handlers\FileHandler' driver.
DEBUG - 2025-05-01 14:47:36 --> Session: Class initialized using 'CodeIgniter\Session\Handlers\FileHandler' driver.
ERROR - 2025-05-01 14:47:36 --> mysqli_sql_exception: Duplicate entry 'ADMINCA' for key 'plateNumber' in C:\Users\loren\Downloads\UniServerZ\www\ci4\system\Database\MySQLi\Connection.php:327
Stack trace:
#0 C:\Users\loren\Downloads\UniServerZ\www\ci4\system\Database\MySQLi\Connection.php(327): mysqli->query('INSERT INTO `t_...', 0)
#1 C:\Users\loren\Downloads\UniServerZ\www\ci4\system\Database\BaseConnection.php(738): CodeIgniter\Database\MySQLi\Connection->execute('INSERT INTO `t_...')
#2 C:\Users\loren\Downloads\UniServerZ\www\ci4\system\Database\BaseConnection.php(652): CodeIgniter\Database\BaseConnection->simpleQuery('INSERT INTO `t_...')
#3 C:\Users\loren\Downloads\UniServerZ\www\ci4\system\Database\BaseBuilder.php(2345): CodeIgniter\Database\BaseConnection->query('INSERT INTO `t_...', Array, false)
#4 C:\Users\loren\Downloads\UniServerZ\www\ci4\system\Model.php(394): CodeIgniter\Database\BaseBuilder->insert()
#5 C:\Users\loren\Downloads\UniServerZ\www\ci4\system\BaseModel.php(839): CodeIgniter\Model->doInsert(Array)
#6 C:\Users\loren\Downloads\UniServerZ\www\ci4\system\Model.php(800): CodeIgniter\BaseModel->insert(Array, true)
#7 C:\Users\loren\Downloads\UniServerZ\www\ci4\app\Controllers\Cars.php(120): CodeIgniter\Model->insert(Array)
#8 C:\Users\loren\Downloads\UniServerZ\www\ci4\system\CodeIgniter.php(933): App\Controllers\Cars->create()
#9 C:\Users\loren\Downloads\UniServerZ\www\ci4\system\CodeIgniter.php(507): CodeIgniter\CodeIgniter->runController(Object(App\Controllers\Cars))
#10 C:\Users\loren\Downloads\UniServerZ\www\ci4\system\CodeIgniter.php(354): CodeIgniter\CodeIgniter->handleRequest(NULL, Object(Config\Cache), false)
#11 C:\Users\loren\Downloads\UniServerZ\www\ci4\system\Boot.php(334): CodeIgniter\CodeIgniter->run()
#12 C:\Users\loren\Downloads\UniServerZ\www\ci4\system\Boot.php(67): CodeIgniter\Boot::runCodeIgniter(Object(CodeIgniter\CodeIgniter))
#13 C:\Users\loren\Downloads\UniServerZ\www\ci4\public\index.php(56): CodeIgniter\Boot::bootWeb(Object(Config\Paths))
#14 {main}
DEBUG - 2025-05-01 14:47:36 --> Session: Class initialized using 'CodeIgniter\Session\Handlers\FileHandler' driver.
DEBUG - 2025-05-01 14:49:14 --> Session: Class initialized using 'CodeIgniter\Session\Handlers\FileHandler' driver.
ERROR - 2025-05-01 14:49:14 --> mysqli_sql_exception: Duplicate entry 'ADMINCA' for key 'plateNumber' in C:\Users\loren\Downloads\UniServerZ\www\ci4\system\Database\MySQLi\Connection.php:327
Stack trace:
#0 C:\Users\loren\Downloads\UniServerZ\www\ci4\system\Database\MySQLi\Connection.php(327): mysqli->query('INSERT INTO `t_...', 0)
#1 C:\Users\loren\Downloads\UniServerZ\www\ci4\system\Database\BaseConnection.php(738): CodeIgniter\Database\MySQLi\Connection->execute('INSERT INTO `t_...')
#2 C:\Users\loren\Downloads\UniServerZ\www\ci4\system\Database\BaseConnection.php(652): CodeIgniter\Database\BaseConnection->simpleQuery('INSERT INTO `t_...')
#3 C:\Users\loren\Downloads\UniServerZ\www\ci4\system\Database\BaseBuilder.php(2345): CodeIgniter\Database\BaseConnection->query('INSERT INTO `t_...', Array, false)
#4 C:\Users\loren\Downloads\UniServerZ\www\ci4\system\Model.php(394): CodeIgniter\Database\BaseBuilder->insert()
#5 C:\Users\loren\Downloads\UniServerZ\www\ci4\system\BaseModel.php(839): CodeIgniter\Model->doInsert(Array)
#6 C:\Users\loren\Downloads\UniServerZ\www\ci4\system\Model.php(800): CodeIgniter\BaseModel->insert(Array, true)
#7 C:\Users\loren\Downloads\UniServerZ\www\ci4\app\Controllers\Cars.php(120): CodeIgniter\Model->insert(Array)
#8 C:\Users\loren\Downloads\UniServerZ\www\ci4\system\CodeIgniter.php(933): App\Controllers\Cars->create()
#9 C:\Users\loren\Downloads\UniServerZ\www\ci4\system\CodeIgniter.php(507): CodeIgniter\CodeIgniter->runController(Object(App\Controllers\Cars))
#10 C:\Users\loren\Downloads\UniServerZ\www\ci4\system\CodeIgniter.php(354): CodeIgniter\CodeIgniter->handleRequest(NULL, Object(Config\Cache), false)
#11 C:\Users\loren\Downloads\UniServerZ\www\ci4\system\Boot.php(334): CodeIgniter\CodeIgniter->run()
#12 C:\Users\loren\Downloads\UniServerZ\www\ci4\system\Boot.php(67): CodeIgniter\Boot::runCodeIgniter(Object(CodeIgniter\CodeIgniter))
#13 C:\Users\loren\Downloads\UniServerZ\www\ci4\public\index.php(56): CodeIgniter\Boot::bootWeb(Object(Config\Paths))
#14 {main}
DEBUG - 2025-05-01 14:52:21 --> Session: Class initialized using 'CodeIgniter\Session\Handlers\FileHandler' driver.
DEBUG - 2025-05-01 14:52:50 --> Session: Class initialized using 'CodeIgniter\Session\Handlers\FileHandler' driver.
DEBUG - 2025-05-01 14:52:50 --> Session: Class initialized using 'CodeIgniter\Session\Handlers\FileHandler' driver.
DEBUG - 2025-05-01 14:52:56 --> Session: Class initialized using 'CodeIgniter\Session\Handlers\FileHandler' driver.
DEBUG - 2025-05-01 14:53:02 --> Session: Class initialized using 'CodeIgniter\Session\Handlers\FileHandler' driver.
DEBUG - 2025-05-01 14:53:03 --> Session: Class initialized using 'CodeIgniter\Session\Handlers\FileHandler' driver.
DEBUG - 2025-05-01 14:53:12 --> Session: Class initialized using 'CodeIgniter\Session\Handlers\FileHandler' driver.
ERROR - 2025-05-01 14:53:12 --> mysqli_sql_exception: Duplicate entry 'ADMINCA' for key 'plateNumber' in C:\Users\loren\Downloads\UniServerZ\www\ci4\system\Database\MySQLi\Connection.php:327
Stack trace:
#0 C:\Users\loren\Downloads\UniServerZ\www\ci4\system\Database\MySQLi\Connection.php(327): mysqli->query('UPDATE `t_car` ...', 0)
#1 C:\Users\loren\Downloads\UniServerZ\www\ci4\system\Database\BaseConnection.php(738): CodeIgniter\Database\MySQLi\Connection->execute('UPDATE `t_car` ...')
#2 C:\Users\loren\Downloads\UniServerZ\www\ci4\system\Database\BaseConnection.php(652): CodeIgniter\Database\BaseConnection->simpleQuery('UPDATE `t_car` ...')
#3 C:\Users\loren\Downloads\UniServerZ\www\ci4\system\Database\BaseBuilder.php(2521): CodeIgniter\Database\BaseConnection->query('UPDATE `t_car` ...', Array, false)
#4 C:\Users\loren\Downloads\UniServerZ\www\ci4\system\Model.php(461): CodeIgniter\Database\BaseBuilder->update()
#5 C:\Users\loren\Downloads\UniServerZ\www\ci4\system\BaseModel.php(1027): CodeIgniter\Model->doUpdate(Array, Array)
#6 C:\Users\loren\Downloads\UniServerZ\www\ci4\system\Model.php(863): CodeIgniter\BaseModel->update(Array, Array)
#7 C:\Users\loren\Downloads\UniServerZ\www\ci4\app\Controllers\Cars.php(189): CodeIgniter\Model->update('1013', Array)
#8 C:\Users\loren\Downloads\UniServerZ\www\ci4\system\CodeIgniter.php(933): App\Controllers\Cars->update()
#9 C:\Users\loren\Downloads\UniServerZ\www\ci4\system\CodeIgniter.php(507): CodeIgniter\CodeIgniter->runController(Object(App\Controllers\Cars))
#10 C:\Users\loren\Downloads\UniServerZ\www\ci4\system\CodeIgniter.php(354): CodeIgniter\CodeIgniter->handleRequest(NULL, Object(Config\Cache), false)
#11 C:\Users\loren\Downloads\UniServerZ\www\ci4\system\Boot.php(334): CodeIgniter\CodeIgniter->run()
#12 C:\Users\loren\Downloads\UniServerZ\www\ci4\system\Boot.php(67): CodeIgniter\Boot::runCodeIgniter(Object(CodeIgniter\CodeIgniter))
#13 C:\Users\loren\Downloads\UniServerZ\www\ci4\public\index.php(56): CodeIgniter\Boot::bootWeb(Object(Config\Paths))
#14 {main}
CRITICAL - 2025-05-01 14:53:12 --> CodeIgniter\Database\Exceptions\DatabaseException: Duplicate entry 'ADMINCA' for key 'plateNumber'
[Method: POST, Route: cars/update]
in SYSTEMPATH\Database\BaseConnection.php on line 692.
 1 SYSTEMPATH\Database\BaseBuilder.php(2521): CodeIgniter\Database\BaseConnection->query('UPDATE `t_car` SET `name` = :name:, `plateNumber` = :plateNumber:, `productionDate` = :productionDate:, `model` = :model:, `euroPerKilometer` = :euroPerKilometer:, `co2PerKilometer` = :co2PerKilometer:
WHERE `driverId` = :driverId:
AND `t_car`.`carId` IN :t_car.carId:', [...], false)
 2 SYSTEMPATH\Model.php(461): CodeIgniter\Database\BaseBuilder->update()
 3 SYSTEMPATH\BaseModel.php(1027): CodeIgniter\Model->doUpdate([...], [...])
 4 SYSTEMPATH\Model.php(863): CodeIgniter\BaseModel->update([...], [...])
 5 APPPATH\Controllers\Cars.php(189): CodeIgniter\Model->update('1013', [...])
 6 SYSTEMPATH\CodeIgniter.php(933): App\Controllers\Cars->update()
 7 SYSTEMPATH\CodeIgniter.php(507): CodeIgniter\CodeIgniter->runController(Object(App\Controllers\Cars))
 8 SYSTEMPATH\CodeIgniter.php(354): CodeIgniter\CodeIgniter->handleRequest(null, Object(Config\Cache), false)
 9 SYSTEMPATH\Boot.php(334): CodeIgniter\CodeIgniter->run()
10 SYSTEMPATH\Boot.php(67): CodeIgniter\Boot::runCodeIgniter(Object(CodeIgniter\CodeIgniter))
11 FCPATH\index.php(56): CodeIgniter\Boot::bootWeb(Object(Config\Paths))
CRITICAL - 2025-05-01 14:53:12 --> [Caused by] CodeIgniter\Database\Exceptions\DatabaseException: Duplicate entry 'ADMINCA' for key 'plateNumber'
in SYSTEMPATH\Database\MySQLi\Connection.php on line 332.
 1 SYSTEMPATH\Database\BaseConnection.php(738): CodeIgniter\Database\MySQLi\Connection->execute('UPDATE `t_car` SET `name` = \'Macchina Administratore\', `plateNumber` = \'ADMINCA\', `productionDate` = \'2025-05-08\', `model` = \'Fiat Panda\', `euroPerKilometer` = \'0.1\', `co2PerKilometer` = \'0.10\'
WHERE `driverId` = \'442\'
AND `t_car`.`carId` IN (\'1013\')')
 2 SYSTEMPATH\Database\BaseConnection.php(652): CodeIgniter\Database\BaseConnection->simpleQuery('UPDATE `t_car` SET `name` = \'Macchina Administratore\', `plateNumber` = \'ADMINCA\', `productionDate` = \'2025-05-08\', `model` = \'Fiat Panda\', `euroPerKilometer` = \'0.1\', `co2PerKilometer` = \'0.10\'
WHERE `driverId` = \'442\'
AND `t_car`.`carId` IN (\'1013\')')
 3 SYSTEMPATH\Database\BaseBuilder.php(2521): CodeIgniter\Database\BaseConnection->query('UPDATE `t_car` SET `name` = :name:, `plateNumber` = :plateNumber:, `productionDate` = :productionDate:, `model` = :model:, `euroPerKilometer` = :euroPerKilometer:, `co2PerKilometer` = :co2PerKilometer:
WHERE `driverId` = :driverId:
AND `t_car`.`carId` IN :t_car.carId:', [...], false)
 4 SYSTEMPATH\Model.php(461): CodeIgniter\Database\BaseBuilder->update()
 5 SYSTEMPATH\BaseModel.php(1027): CodeIgniter\Model->doUpdate([...], [...])
 6 SYSTEMPATH\Model.php(863): CodeIgniter\BaseModel->update([...], [...])
 7 APPPATH\Controllers\Cars.php(189): CodeIgniter\Model->update('1013', [...])
 8 SYSTEMPATH\CodeIgniter.php(933): App\Controllers\Cars->update()
 9 SYSTEMPATH\CodeIgniter.php(507): CodeIgniter\CodeIgniter->runController(Object(App\Controllers\Cars))
10 SYSTEMPATH\CodeIgniter.php(354): CodeIgniter\CodeIgniter->handleRequest(null, Object(Config\Cache), false)
11 SYSTEMPATH\Boot.php(334): CodeIgniter\CodeIgniter->run()
12 SYSTEMPATH\Boot.php(67): CodeIgniter\Boot::runCodeIgniter(Object(CodeIgniter\CodeIgniter))
13 FCPATH\index.php(56): CodeIgniter\Boot::bootWeb(Object(Config\Paths))
CRITICAL - 2025-05-01 14:53:12 --> [Caused by] mysqli_sql_exception: Duplicate entry 'ADMINCA' for key 'plateNumber'
in SYSTEMPATH\Database\MySQLi\Connection.php on line 327.
 1 SYSTEMPATH\Database\MySQLi\Connection.php(327): mysqli->query('UPDATE `t_car` SET `name` = \'Macchina Administratore\', `plateNumber` = \'ADMINCA\', `productionDate` = \'2025-05-08\', `model` = \'Fiat Panda\', `euroPerKilometer` = \'0.1\', `co2PerKilometer` = \'0.10\'
WHERE `driverId` = \'442\'
AND `t_car`.`carId` IN (\'1013\')', 0)
 2 SYSTEMPATH\Database\BaseConnection.php(738): CodeIgniter\Database\MySQLi\Connection->execute('UPDATE `t_car` SET `name` = \'Macchina Administratore\', `plateNumber` = \'ADMINCA\', `productionDate` = \'2025-05-08\', `model` = \'Fiat Panda\', `euroPerKilometer` = \'0.1\', `co2PerKilometer` = \'0.10\'
WHERE `driverId` = \'442\'
AND `t_car`.`carId` IN (\'1013\')')
 3 SYSTEMPATH\Database\BaseConnection.php(652): CodeIgniter\Database\BaseConnection->simpleQuery('UPDATE `t_car` SET `name` = \'Macchina Administratore\', `plateNumber` = \'ADMINCA\', `productionDate` = \'2025-05-08\', `model` = \'Fiat Panda\', `euroPerKilometer` = \'0.1\', `co2PerKilometer` = \'0.10\'
WHERE `driverId` = \'442\'
AND `t_car`.`carId` IN (\'1013\')')
 4 SYSTEMPATH\Database\BaseBuilder.php(2521): CodeIgniter\Database\BaseConnection->query('UPDATE `t_car` SET `name` = :name:, `plateNumber` = :plateNumber:, `productionDate` = :productionDate:, `model` = :model:, `euroPerKilometer` = :euroPerKilometer:, `co2PerKilometer` = :co2PerKilometer:
WHERE `driverId` = :driverId:
AND `t_car`.`carId` IN :t_car.carId:', [...], false)
 5 SYSTEMPATH\Model.php(461): CodeIgniter\Database\BaseBuilder->update()
 6 SYSTEMPATH\BaseModel.php(1027): CodeIgniter\Model->doUpdate([...], [...])
 7 SYSTEMPATH\Model.php(863): CodeIgniter\BaseModel->update([...], [...])
 8 APPPATH\Controllers\Cars.php(189): CodeIgniter\Model->update('1013', [...])
 9 SYSTEMPATH\CodeIgniter.php(933): App\Controllers\Cars->update()
10 SYSTEMPATH\CodeIgniter.php(507): CodeIgniter\CodeIgniter->runController(Object(App\Controllers\Cars))
11 SYSTEMPATH\CodeIgniter.php(354): CodeIgniter\CodeIgniter->handleRequest(null, Object(Config\Cache), false)
12 SYSTEMPATH\Boot.php(334): CodeIgniter\CodeIgniter->run()
13 SYSTEMPATH\Boot.php(67): CodeIgniter\Boot::runCodeIgniter(Object(CodeIgniter\CodeIgniter))
14 FCPATH\index.php(56): CodeIgniter\Boot::bootWeb(Object(Config\Paths))
DEBUG - 2025-05-01 14:55:16 --> Session: Class initialized using 'CodeIgniter\Session\Handlers\FileHandler' driver.
ERROR - 2025-05-01 14:55:16 --> mysqli_sql_exception: Duplicate entry 'ADMINCA' for key 'plateNumber' in C:\Users\loren\Downloads\UniServerZ\www\ci4\system\Database\MySQLi\Connection.php:327
Stack trace:
#0 C:\Users\loren\Downloads\UniServerZ\www\ci4\system\Database\MySQLi\Connection.php(327): mysqli->query('UPDATE `t_car` ...', 0)
#1 C:\Users\loren\Downloads\UniServerZ\www\ci4\system\Database\BaseConnection.php(738): CodeIgniter\Database\MySQLi\Connection->execute('UPDATE `t_car` ...')
#2 C:\Users\loren\Downloads\UniServerZ\www\ci4\system\Database\BaseConnection.php(652): CodeIgniter\Database\BaseConnection->simpleQuery('UPDATE `t_car` ...')
#3 C:\Users\loren\Downloads\UniServerZ\www\ci4\system\Database\BaseBuilder.php(2521): CodeIgniter\Database\BaseConnection->query('UPDATE `t_car` ...', Array, false)
#4 C:\Users\loren\Downloads\UniServerZ\www\ci4\system\Model.php(461): CodeIgniter\Database\BaseBuilder->update()
#5 C:\Users\loren\Downloads\UniServerZ\www\ci4\system\BaseModel.php(1027): CodeIgniter\Model->doUpdate(Array, Array)
#6 C:\Users\loren\Downloads\UniServerZ\www\ci4\system\Model.php(863): CodeIgniter\BaseModel->update(Array, Array)
#7 C:\Users\loren\Downloads\UniServerZ\www\ci4\app\Controllers\Cars.php(188): CodeIgniter\Model->update('1013', Array)
#8 C:\Users\loren\Downloads\UniServerZ\www\ci4\system\CodeIgniter.php(933): App\Controllers\Cars->update()
#9 C:\Users\loren\Downloads\UniServerZ\www\ci4\system\CodeIgniter.php(507): CodeIgniter\CodeIgniter->runController(Object(App\Controllers\Cars))
#10 C:\Users\loren\Downloads\UniServerZ\www\ci4\system\CodeIgniter.php(354): CodeIgniter\CodeIgniter->handleRequest(NULL, Object(Config\Cache), false)
#11 C:\Users\loren\Downloads\UniServerZ\www\ci4\system\Boot.php(334): CodeIgniter\CodeIgniter->run()
#12 C:\Users\loren\Downloads\UniServerZ\www\ci4\system\Boot.php(67): CodeIgniter\Boot::runCodeIgniter(Object(CodeIgniter\CodeIgniter))
#13 C:\Users\loren\Downloads\UniServerZ\www\ci4\public\index.php(56): CodeIgniter\Boot::bootWeb(Object(Config\Paths))
#14 {main}
DEBUG - 2025-05-01 14:55:17 --> Session: Class initialized using 'CodeIgniter\Session\Handlers\FileHandler' driver.
DEBUG - 2025-05-01 14:55:26 --> Session: Class initialized using 'CodeIgniter\Session\Handlers\FileHandler' driver.
DEBUG - 2025-05-01 14:55:29 --> Session: Class initialized using 'CodeIgniter\Session\Handlers\FileHandler' driver.
DEBUG - 2025-05-01 14:55:29 --> Session: Class initialized using 'CodeIgniter\Session\Handlers\FileHandler' driver.
DEBUG - 2025-05-01 14:55:38 --> Session: Class initialized using 'CodeIgniter\Session\Handlers\FileHandler' driver.
DEBUG - 2025-05-01 14:55:38 --> Session: Class initialized using 'CodeIgniter\Session\Handlers\FileHandler' driver.
DEBUG - 2025-05-01 14:55:42 --> Session: Class initialized using 'CodeIgniter\Session\Handlers\FileHandler' driver.
DEBUG - 2025-05-01 14:55:43 --> Session: Class initialized using 'CodeIgniter\Session\Handlers\FileHandler' driver.
DEBUG - 2025-05-01 14:55:46 --> Session: Class initialized using 'CodeIgniter\Session\Handlers\FileHandler' driver.
DEBUG - 2025-05-01 14:55:46 --> Session: Class initialized using 'CodeIgniter\Session\Handlers\FileHandler' driver.
DEBUG - 2025-05-01 14:55:53 --> Session: Class initialized using 'CodeIgniter\Session\Handlers\FileHandler' driver.
DEBUG - 2025-05-01 14:56:06 --> Session: Class initialized using 'CodeIgniter\Session\Handlers\FileHandler' driver.
DEBUG - 2025-05-01 14:56:11 --> Session: Class initialized using 'CodeIgniter\Session\Handlers\FileHandler' driver.
DEBUG - 2025-05-01 14:56:14 --> Session: Class initialized using 'CodeIgniter\Session\Handlers\FileHandler' driver.
DEBUG - 2025-05-01 14:56:20 --> Session: Class initialized using 'CodeIgniter\Session\Handlers\FileHandler' driver.
DEBUG - 2025-05-01 14:58:21 --> Session: Class initialized using 'CodeIgniter\Session\Handlers\FileHandler' driver.
DEBUG - 2025-05-01 14:58:23 --> Session: Class initialized using 'CodeIgniter\Session\Handlers\FileHandler' driver.
DEBUG - 2025-05-01 14:59:08 --> Session: Class initialized using 'CodeIgniter\Session\Handlers\FileHandler' driver.
DEBUG - 2025-05-01 14:59:09 --> Session: Class initialized using 'CodeIgniter\Session\Handlers\FileHandler' driver.
DEBUG - 2025-05-01 14:59:19 --> Session: Class initialized using 'CodeIgniter\Session\Handlers\FileHandler' driver.
DEBUG - 2025-05-01 14:59:30 --> Session: Class initialized using 'CodeIgniter\Session\Handlers\FileHandler' driver.
DEBUG - 2025-05-01 15:03:56 --> Session: Class initialized using 'CodeIgniter\Session\Handlers\FileHandler' driver.
DEBUG - 2025-05-01 15:03:58 --> Session: Class initialized using 'CodeIgniter\Session\Handlers\FileHandler' driver.
DEBUG - 2025-05-01 15:04:05 --> Session: Class initialized using 'CodeIgniter\Session\Handlers\FileHandler' driver.
DEBUG - 2025-05-01 15:04:05 --> Session: Class initialized using 'CodeIgniter\Session\Handlers\FileHandler' driver.
DEBUG - 2025-05-01 15:05:09 --> Session: Class initialized using 'CodeIgniter\Session\Handlers\FileHandler' driver.
DEBUG - 2025-05-01 15:05:14 --> Session: Class initialized using 'CodeIgniter\Session\Handlers\FileHandler' driver.
DEBUG - 2025-05-01 15:06:41 --> Session: Class initialized using 'CodeIgniter\Session\Handlers\FileHandler' driver.
DEBUG - 2025-05-01 15:06:44 --> Session: Class initialized using 'CodeIgniter\Session\Handlers\FileHandler' driver.
DEBUG - 2025-05-01 15:16:08 --> Session: Class initialized using 'CodeIgniter\Session\Handlers\FileHandler' driver.
DEBUG - 2025-05-01 20:37:57 --> Session: Class initialized using 'CodeIgniter\Session\Handlers\FileHandler' driver.
DEBUG - 2025-05-01 20:38:12 --> Session: Class initialized using 'CodeIgniter\Session\Handlers\FileHandler' driver.
DEBUG - 2025-05-01 20:38:27 --> Session: Class initialized using 'CodeIgniter\Session\Handlers\FileHandler' driver.
DEBUG - 2025-05-01 20:38:35 --> Session: Class initialized using 'CodeIgniter\Session\Handlers\FileHandler' driver.
DEBUG - 2025-05-01 20:38:36 --> Session: Class initialized using 'CodeIgniter\Session\Handlers\FileHandler' driver.
DEBUG - 2025-05-01 20:39:03 --> Session: Class initialized using 'CodeIgniter\Session\Handlers\FileHandler' driver.
DEBUG - 2025-05-01 20:39:05 --> Session: Class initialized using 'CodeIgniter\Session\Handlers\FileHandler' driver.
DEBUG - 2025-05-01 20:39:14 --> Session: Class initialized using 'CodeIgniter\Session\Handlers\FileHandler' driver.
DEBUG - 2025-05-01 20:39:26 --> Session: Class initialized using 'CodeIgniter\Session\Handlers\FileHandler' driver.
DEBUG - 2025-05-01 20:39:42 --> Session: Class initialized using 'CodeIgniter\Session\Handlers\FileHandler' driver.
DEBUG - 2025-05-01 20:39:45 --> Session: Class initialized using 'CodeIgniter\Session\Handlers\FileHandler' driver.
DEBUG - 2025-05-01 20:39:49 --> Session: Class initialized using 'CodeIgniter\Session\Handlers\FileHandler' driver.
DEBUG - 2025-05-01 20:39:56 --> Session: Class initialized using 'CodeIgniter\Session\Handlers\FileHandler' driver.
DEBUG - 2025-05-01 20:39:56 --> Session: Class initialized using 'CodeIgniter\Session\Handlers\FileHandler' driver.
DEBUG - 2025-05-01 20:39:59 --> Session: Class initialized using 'CodeIgniter\Session\Handlers\FileHandler' driver.
DEBUG - 2025-05-01 20:40:03 --> Session: Class initialized using 'CodeIgniter\Session\Handlers\FileHandler' driver.
DEBUG - 2025-05-01 20:40:04 --> Session: Class initialized using 'CodeIgniter\Session\Handlers\FileHandler' driver.
DEBUG - 2025-05-01 20:40:23 --> Session: Class initialized using 'CodeIgniter\Session\Handlers\FileHandler' driver.
DEBUG - 2025-05-01 20:40:23 --> Session: Class initialized using 'CodeIgniter\Session\Handlers\FileHandler' driver.
DEBUG - 2025-05-01 20:40:36 --> Session: Class initialized using 'CodeIgniter\Session\Handlers\FileHandler' driver.
DEBUG - 2025-05-01 20:40:46 --> Session: Class initialized using 'CodeIgniter\Session\Handlers\FileHandler' driver.
CRITICAL - 2025-05-01 20:40:46 --> ErrorException: Undefined property: CodeIgniter\HTTP\RedirectResponse::$userId
[Method: GET, Route: homepage]
in APPPATH\Models\ApplicationUtilities.php on line 32.
 1 APPPATH\Models\ApplicationUtilities.php(32): CodeIgniter\Debug\Exceptions->errorHandler(2, 'Undefined property: CodeIgniter\\HTTP\\RedirectResponse::$userId', 'C:\\Users\\loren\\Downloads\\UniServerZ\\www\\ci4\\app\\Models\\ApplicationUtilities.php', 32)
 2 APPPATH\Helpers\AuthHelper.php(29): App\Models\ApplicationUtilities::verifyDriver(Object(CodeIgniter\HTTP\RedirectResponse))
 3 APPPATH\Controllers\Homepage.php(13): App\Helpers\AuthHelper::getAuthenticatedDriver(Object(CodeIgniter\HTTP\RedirectResponse), false)
 4 SYSTEMPATH\CodeIgniter.php(933): App\Controllers\Homepage->index()
 5 SYSTEMPATH\CodeIgniter.php(507): CodeIgniter\CodeIgniter->runController(Object(App\Controllers\Homepage))
 6 SYSTEMPATH\CodeIgniter.php(354): CodeIgniter\CodeIgniter->handleRequest(null, Object(Config\Cache), false)
 7 SYSTEMPATH\Boot.php(334): CodeIgniter\CodeIgniter->run()
 8 SYSTEMPATH\Boot.php(67): CodeIgniter\Boot::runCodeIgniter(Object(CodeIgniter\CodeIgniter))
 9 FCPATH\index.php(56): CodeIgniter\Boot::bootWeb(Object(Config\Paths))
